16:38:31 **** Incremental Build of configuration debug for project ksdk_platform_lib_KL25Z4 ****
make -k all 
'Building file: C:/Freescale/KSDK_1.2.0/platform/hal/src/uart/fsl_uart_hal.c'
'Invoking: Cross ARM C Compiler'
arm-none-eabi-gcc -mcpu=cortex-m0plus -mthumb -Os -fmessage-length=0 -fsigned-char -ffunction-sections -fdata-sections -Wall  -g -DDEBUG -DCPU_MKL25Z128VLK4 -DFRDM_KL25Z -DFREEDOM -I../../../../../platform/CMSIS/Include -I../../../../../platform/devices -I../../../../../platform/devices/MKL25Z4/include -I../../../../../platform/devices/MKL25Z4/startup -I../../../../../platform/utilities/inc -I../../../../../platform/hal/inc -I../../../../../platform/drivers/inc -I../../../../../platform/system/inc -I../../../../../platform/osa/inc -std=gnu99 -fno-common  -ffreestanding  -fno-builtin  -mapcs -MMD -MP -MF"platform/uart/hal/fsl_uart_hal.d" -MT"platform/uart/hal/fsl_uart_hal.o" -c -o "platform/uart/hal/fsl_uart_hal.o" "C:/Freescale/KSDK_1.2.0/platform/hal/src/uart/fsl_uart_hal.c"
'Finished building: C:/Freescale/KSDK_1.2.0/platform/hal/src/uart/fsl_uart_hal.c'
' '
'Building file: C:/Freescale/KSDK_1.2.0/platform/drivers/src/uart/fsl_uart_common.c'
'Invoking: Cross ARM C Compiler'
arm-none-eabi-gcc -mcpu=cortex-m0plus -mthumb -Os -fmessage-length=0 -fsigned-char -ffunction-sections -fdata-sections -Wall  -g -DDEBUG -DCPU_MKL25Z128VLK4 -DFRDM_KL25Z -DFREEDOM -I../../../../../platform/CMSIS/Include -I../../../../../platform/devices -I../../../../../platform/devices/MKL25Z4/include -I../../../../../platform/devices/MKL25Z4/startup -I../../../../../platform/utilities/inc -I../../../../../platform/hal/inc -I../../../../../platform/drivers/inc -I../../../../../platform/system/inc -I../../../../../platform/osa/inc -std=gnu99 -fno-common  -ffreestanding  -fno-builtin  -mapcs -MMD -MP -MF"platform/uart/drivers/fsl_uart_common.d" -MT"platform/uart/drivers/fsl_uart_common.o" -c -o "platform/uart/drivers/fsl_uart_common.o" "C:/Freescale/KSDK_1.2.0/platform/drivers/src/uart/fsl_uart_common.c"
'Finished building: C:/Freescale/KSDK_1.2.0/platform/drivers/src/uart/fsl_uart_common.c'
' '
'Building file: C:/Freescale/KSDK_1.2.0/platform/drivers/src/uart/fsl_uart_dma_driver.c'
'Invoking: Cross ARM C Compiler'
arm-none-eabi-gcc -mcpu=cortex-m0plus -mthumb -Os -fmessage-length=0 -fsigned-char -ffunction-sections -fdata-sections -Wall  -g -DDEBUG -DCPU_MKL25Z128VLK4 -DFRDM_KL25Z -DFREEDOM -I../../../../../platform/CMSIS/Include -I../../../../../platform/devices -I../../../../../platform/devices/MKL25Z4/include -I../../../../../platform/devices/MKL25Z4/startup -I../../../../../platform/utilities/inc -I../../../../../platform/hal/inc -I../../../../../platform/drivers/inc -I../../../../../platform/system/inc -I../../../../../platform/osa/inc -std=gnu99 -fno-common  -ffreestanding  -fno-builtin  -mapcs -MMD -MP -MF"platform/uart/drivers/fsl_uart_dma_driver.d" -MT"platform/uart/drivers/fsl_uart_dma_driver.o" -c -o "platform/uart/drivers/fsl_uart_dma_driver.o" "C:/Freescale/KSDK_1.2.0/platform/drivers/src/uart/fsl_uart_dma_driver.c"
'Finished building: C:/Freescale/KSDK_1.2.0/platform/drivers/src/uart/fsl_uart_dma_driver.c'
' '
'Building file: C:/Freescale/KSDK_1.2.0/platform/drivers/src/uart/fsl_uart_driver.c'
'Invoking: Cross ARM C Compiler'
arm-none-eabi-gcc -mcpu=cortex-m0plus -mthumb -Os -fmessage-length=0 -fsigned-char -ffunction-sections -fdata-sections -Wall  -g -DDEBUG -DCPU_MKL25Z128VLK4 -DFRDM_KL25Z -DFREEDOM -I../../../../../platform/CMSIS/Include -I../../../../../platform/devices -I../../../../../platform/devices/MKL25Z4/include -I../../../../../platform/devices/MKL25Z4/startup -I../../../../../platform/utilities/inc -I../../../../../platform/hal/inc -I../../../../../platform/drivers/inc -I../../../../../platform/system/inc -I../../../../../platform/osa/inc -std=gnu99 -fno-common  -ffreestanding  -fno-builtin  -mapcs -MMD -MP -MF"platform/uart/drivers/fsl_uart_driver.d" -MT"platform/uart/drivers/fsl_uart_driver.o" -c -o "platform/uart/drivers/fsl_uart_driver.o" "C:/Freescale/KSDK_1.2.0/platform/drivers/src/uart/fsl_uart_driver.c"
'Finished building: C:/Freescale/KSDK_1.2.0/platform/drivers/src/uart/fsl_uart_driver.c'
' '
'Building file: C:/Freescale/KSDK_1.2.0/platform/hal/src/tsi/fsl_tsi_hal.c'
'Invoking: Cross ARM C Compiler'
arm-none-eabi-gcc -mcpu=cortex-m0plus -mthumb -Os -fmessage-length=0 -fsigned-char -ffunction-sections -fdata-sections -Wall  -g -DDEBUG -DCPU_MKL25Z128VLK4 -DFRDM_KL25Z -DFREEDOM -I../../../../../platform/CMSIS/Include -I../../../../../platform/devices -I../../../../../platform/devices/MKL25Z4/include -I../../../../../platform/devices/MKL25Z4/startup -I../../../../../platform/utilities/inc -I../../../../../platform/hal/inc -I../../../../../platform/drivers/inc -I../../../../../platform/system/inc -I../../../../../platform/osa/inc -std=gnu99 -fno-common  -ffreestanding  -fno-builtin  -mapcs -MMD -MP -MF"platform/tsi/hal/fsl_tsi_hal.d" -MT"platform/tsi/hal/fsl_tsi_hal.o" -c -o "platform/tsi/hal/fsl_tsi_hal.o" "C:/Freescale/KSDK_1.2.0/platform/hal/src/tsi/fsl_tsi_hal.c"
'Finished building: C:/Freescale/KSDK_1.2.0/platform/hal/src/tsi/fsl_tsi_hal.c'
' '
'Building file: C:/Freescale/KSDK_1.2.0/platform/hal/src/tsi/fsl_tsi_v4_hal_specific.c'
'Invoking: Cross ARM C Compiler'
arm-none-eabi-gcc -mcpu=cortex-m0plus -mthumb -Os -fmessage-length=0 -fsigned-char -ffunction-sections -fdata-sections -Wall  -g -DDEBUG -DCPU_MKL25Z128VLK4 -DFRDM_KL25Z -DFREEDOM -I../../../../../platform/CMSIS/Include -I../../../../../platform/devices -I../../../../../platform/devices/MKL25Z4/include -I../../../../../platform/devices/MKL25Z4/startup -I../../../../../platform/utilities/inc -I../../../../../platform/hal/inc -I../../../../../platform/drivers/inc -I../../../../../platform/system/inc -I../../../../../platform/osa/inc -std=gnu99 -fno-common  -ffreestanding  -fno-builtin  -mapcs -MMD -MP -MF"platform/tsi/hal/fsl_tsi_v4_hal_specific.d" -MT"platform/tsi/hal/fsl_tsi_v4_hal_specific.o" -c -o "platform/tsi/hal/fsl_tsi_v4_hal_specific.o" "C:/Freescale/KSDK_1.2.0/platform/hal/src/tsi/fsl_tsi_v4_hal_specific.c"
C:/Freescale/KSDK_1.2.0/platform/hal/src/tsi/fsl_tsi_v4_hal_specific.c: In function 'TSI_HAL_Recalibrate':
C:/Freescale/KSDK_1.2.0/platform/hal/src/tsi/fsl_tsi_v4_hal_specific.c:167:44: warning: 'elec' may be used uninitialized in this function [-Wmaybe-uninitialized]
           res = TSI_HAL_MeasurementBlocking(base, elec, 1);
                                            ^
'Finished building: C:/Freescale/KSDK_1.2.0/platform/hal/src/tsi/fsl_tsi_v4_hal_specific.c'
' '
'Building file: C:/Freescale/KSDK_1.2.0/platform/drivers/src/tsi/fsl_tsi_common.c'
'Invoking: Cross ARM C Compiler'
arm-none-eabi-gcc -mcpu=cortex-m0plus -mthumb -Os -fmessage-length=0 -fsigned-char -ffunction-sections -fdata-sections -Wall  -g -DDEBUG -DCPU_MKL25Z128VLK4 -DFRDM_KL25Z -DFREEDOM -I../../../../../platform/CMSIS/Include -I../../../../../platform/devices -I../../../../../platform/devices/MKL25Z4/include -I../../../../../platform/devices/MKL25Z4/startup -I../../../../../platform/utilities/inc -I../../../../../platform/hal/inc -I../../../../../platform/drivers/inc -I../../../../../platform/system/inc -I../../../../../platform/osa/inc -std=gnu99 -fno-common  -ffreestanding  -fno-builtin  -mapcs -MMD -MP -MF"platform/tsi/drivers/fsl_tsi_common.d" -MT"platform/tsi/drivers/fsl_tsi_common.o" -c -o "platform/tsi/drivers/fsl_tsi_common.o" "C:/Freescale/KSDK_1.2.0/platform/drivers/src/tsi/fsl_tsi_common.c"
'Finished building: C:/Freescale/KSDK_1.2.0/platform/drivers/src/tsi/fsl_tsi_common.c'
' '
'Building file: C:/Freescale/KSDK_1.2.0/platform/drivers/src/tsi/fsl_tsi_driver.c'
'Invoking: Cross ARM C Compiler'
arm-none-eabi-gcc -mcpu=cortex-m0plus -mthumb -Os -fmessage-length=0 -fsigned-char -ffunction-sections -fdata-sections -Wall  -g -DDEBUG -DCPU_MKL25Z128VLK4 -DFRDM_KL25Z -DFREEDOM -I../../../../../platform/CMSIS/Include -I../../../../../platform/devices -I../../../../../platform/devices/MKL25Z4/include -I../../../../../platform/devices/MKL25Z4/startup -I../../../../../platform/utilities/inc -I../../../../../platform/hal/inc -I../../../../../platform/drivers/inc -I../../../../../platform/system/inc -I../../../../../platform/osa/inc -std=gnu99 -fno-common  -ffreestanding  -fno-builtin  -mapcs -MMD -MP -MF"platform/tsi/drivers/fsl_tsi_driver.d" -MT"platform/tsi/drivers/fsl_tsi_driver.o" -c -o "platform/tsi/drivers/fsl_tsi_driver.o" "C:/Freescale/KSDK_1.2.0/platform/drivers/src/tsi/fsl_tsi_driver.c"
'Finished building: C:/Freescale/KSDK_1.2.0/platform/drivers/src/tsi/fsl_tsi_driver.c'
' '
'Building file: C:/Freescale/KSDK_1.2.0/platform/drivers/src/tsi/fsl_tsi_v4_driver_specific.c'
'Invoking: Cross ARM C Compiler'
arm-none-eabi-gcc -mcpu=cortex-m0plus -mthumb -Os -fmessage-length=0 -fsigned-char -ffunction-sections -fdata-sections -Wall  -g -DDEBUG -DCPU_MKL25Z128VLK4 -DFRDM_KL25Z -DFREEDOM -I../../../../../platform/CMSIS/Include -I../../../../../platform/devices -I../../../../../platform/devices/MKL25Z4/include -I../../../../../platform/devices/MKL25Z4/startup -I../../../../../platform/utilities/inc -I../../../../../platform/hal/inc -I../../../../../platform/drivers/inc -I../../../../../platform/system/inc -I../../../../../platform/osa/inc -std=gnu99 -fno-common  -ffreestanding  -fno-builtin  -mapcs -MMD -MP -MF"platform/tsi/drivers/fsl_tsi_v4_driver_specific.d" -MT"platform/tsi/drivers/fsl_tsi_v4_driver_specific.o" -c -o "platform/tsi/drivers/fsl_tsi_v4_driver_specific.o" "C:/Freescale/KSDK_1.2.0/platform/drivers/src/tsi/fsl_tsi_v4_driver_specific.c"
'Finished building: C:/Freescale/KSDK_1.2.0/platform/drivers/src/tsi/fsl_tsi_v4_driver_specific.c'
' '
'Building file: C:/Freescale/KSDK_1.2.0/platform/hal/src/tpm/fsl_tpm_hal.c'
'Invoking: Cross ARM C Compiler'
arm-none-eabi-gcc -mcpu=cortex-m0plus -mthumb -Os -fmessage-length=0 -fsigned-char -ffunction-sections -fdata-sections -Wall  -g -DDEBUG -DCPU_MKL25Z128VLK4 -DFRDM_KL25Z -DFREEDOM -I../../../../../platform/CMSIS/Include -I../../../../../platform/devices -I../../../../../platform/devices/MKL25Z4/include -I../../../../../platform/devices/MKL25Z4/startup -I../../../../../platform/utilities/inc -I../../../../../platform/hal/inc -I../../../../../platform/drivers/inc -I../../../../../platform/system/inc -I../../../../../platform/osa/inc -std=gnu99 -fno-common  -ffreestanding  -fno-builtin  -mapcs -MMD -MP -MF"platform/tpm/hal/fsl_tpm_hal.d" -MT"platform/tpm/hal/fsl_tpm_hal.o" -c -o "platform/tpm/hal/fsl_tpm_hal.o" "C:/Freescale/KSDK_1.2.0/platform/hal/src/tpm/fsl_tpm_hal.c"
'Finished building: C:/Freescale/KSDK_1.2.0/platform/hal/src/tpm/fsl_tpm_hal.c'
' '
'Building file: C:/Freescale/KSDK_1.2.0/platform/drivers/src/tpm/fsl_tpm_common.c'
'Invoking: Cross ARM C Compiler'
arm-none-eabi-gcc -mcpu=cortex-m0plus -mthumb -Os -fmessage-length=0 -fsigned-char -ffunction-sections -fdata-sections -Wall  -g -DDEBUG -DCPU_MKL25Z128VLK4 -DFRDM_KL25Z -DFREEDOM -I../../../../../platform/CMSIS/Include -I../../../../../platform/devices -I../../../../../platform/devices/MKL25Z4/include -I../../../../../platform/devices/MKL25Z4/startup -I../../../../../platform/utilities/inc -I../../../../../platform/hal/inc -I../../../../../platform/drivers/inc -I../../../../../platform/system/inc -I../../../../../platform/osa/inc -std=gnu99 -fno-common  -ffreestanding  -fno-builtin  -mapcs -MMD -MP -MF"platform/tpm/drivers/fsl_tpm_common.d" -MT"platform/tpm/drivers/fsl_tpm_common.o" -c -o "platform/tpm/drivers/fsl_tpm_common.o" "C:/Freescale/KSDK_1.2.0/platform/drivers/src/tpm/fsl_tpm_common.c"
'Finished building: C:/Freescale/KSDK_1.2.0/platform/drivers/src/tpm/fsl_tpm_common.c'
' '
'Building file: C:/Freescale/KSDK_1.2.0/platform/drivers/src/tpm/fsl_tpm_driver.c'
'Invoking: Cross ARM C Compiler'
arm-none-eabi-gcc -mcpu=cortex-m0plus -mthumb -Os -fmessage-length=0 -fsigned-char -ffunction-sections -fdata-sections -Wall  -g -DDEBUG -DCPU_MKL25Z128VLK4 -DFRDM_KL25Z -DFREEDOM -I../../../../../platform/CMSIS/Include -I../../../../../platform/devices -I../../../../../platform/devices/MKL25Z4/include -I../../../../../platform/devices/MKL25Z4/startup -I../../../../../platform/utilities/inc -I../../../../../platform/hal/inc -I../../../../../platform/drivers/inc -I../../../../../platform/system/inc -I../../../../../platform/osa/inc -std=gnu99 -fno-common  -ffreestanding  -fno-builtin  -mapcs -MMD -MP -MF"platform/tpm/drivers/fsl_tpm_driver.d" -MT"platform/tpm/drivers/fsl_tpm_driver.o" -c -o "platform/tpm/drivers/fsl_tpm_driver.o" "C:/Freescale/KSDK_1.2.0/platform/drivers/src/tpm/fsl_tpm_driver.c"
'Finished building: C:/Freescale/KSDK_1.2.0/platform/drivers/src/tpm/fsl_tpm_driver.c'
' '
'Building file: C:/Freescale/KSDK_1.2.0/platform/hal/src/spi/fsl_spi_hal.c'
'Invoking: Cross ARM C Compiler'
arm-none-eabi-gcc -mcpu=cortex-m0plus -mthumb -Os -fmessage-length=0 -fsigned-char -ffunction-sections -fdata-sections -Wall  -g -DDEBUG -DCPU_MKL25Z128VLK4 -DFRDM_KL25Z -DFREEDOM -I../../../../../platform/CMSIS/Include -I../../../../../platform/devices -I../../../../../platform/devices/MKL25Z4/include -I../../../../../platform/devices/MKL25Z4/startup -I../../../../../platform/utilities/inc -I../../../../../platform/hal/inc -I../../../../../platform/drivers/inc -I../../../../../platform/system/inc -I../../../../../platform/osa/inc -std=gnu99 -fno-common  -ffreestanding  -fno-builtin  -mapcs -MMD -MP -MF"platform/spi/hal/fsl_spi_hal.d" -MT"platform/spi/hal/fsl_spi_hal.o" -c -o "platform/spi/hal/fsl_spi_hal.o" "C:/Freescale/KSDK_1.2.0/platform/hal/src/spi/fsl_spi_hal.c"
'Finished building: C:/Freescale/KSDK_1.2.0/platform/hal/src/spi/fsl_spi_hal.c'
' '
'Building file: C:/Freescale/KSDK_1.2.0/platform/drivers/src/spi/fsl_spi_dma_slave_driver.c'
'Invoking: Cross ARM C Compiler'
arm-none-eabi-gcc -mcpu=cortex-m0plus -mthumb -Os -fmessage-length=0 -fsigned-char -ffunction-sections -fdata-sections -Wall  -g -DDEBUG -DCPU_MKL25Z128VLK4 -DFRDM_KL25Z -DFREEDOM -I../../../../../platform/CMSIS/Include -I../../../../../platform/devices -I../../../../../platform/devices/MKL25Z4/include -I../../../../../platform/devices/MKL25Z4/startup -I../../../../../platform/utilities/inc -I../../../../../platform/hal/inc -I../../../../../platform/drivers/inc -I../../../../../platform/system/inc -I../../../../../platform/osa/inc -std=gnu99 -fno-common  -ffreestanding  -fno-builtin  -mapcs -MMD -MP -MF"platform/spi/drivers/slave/fsl_spi_dma_slave_driver.d" -MT"platform/spi/drivers/slave/fsl_spi_dma_slave_driver.o" -c -o "platform/spi/drivers/slave/fsl_spi_dma_slave_driver.o" "C:/Freescale/KSDK_1.2.0/platform/drivers/src/spi/fsl_spi_dma_slave_driver.c"
'Finished building: C:/Freescale/KSDK_1.2.0/platform/drivers/src/spi/fsl_spi_dma_slave_driver.c'
' '
'Building file: C:/Freescale/KSDK_1.2.0/platform/drivers/src/spi/fsl_spi_slave_driver.c'
'Invoking: Cross ARM C Compiler'
arm-none-eabi-gcc -mcpu=cortex-m0plus -mthumb -Os -fmessage-length=0 -fsigned-char -ffunction-sections -fdata-sections -Wall  -g -DDEBUG -DCPU_MKL25Z128VLK4 -DFRDM_KL25Z -DFREEDOM -I../../../../../platform/CMSIS/Include -I../../../../../platform/devices -I../../../../../platform/devices/MKL25Z4/include -I../../../../../platform/devices/MKL25Z4/startup -I../../../../../platform/utilities/inc -I../../../../../platform/hal/inc -I../../../../../platform/drivers/inc -I../../../../../platform/system/inc -I../../../../../platform/osa/inc -std=gnu99 -fno-common  -ffreestanding  -fno-builtin  -mapcs -MMD -MP -MF"platform/spi/drivers/slave/fsl_spi_slave_driver.d" -MT"platform/spi/drivers/slave/fsl_spi_slave_driver.o" -c -o "platform/spi/drivers/slave/fsl_spi_slave_driver.o" "C:/Freescale/KSDK_1.2.0/platform/drivers/src/spi/fsl_spi_slave_driver.c"
'Finished building: C:/Freescale/KSDK_1.2.0/platform/drivers/src/spi/fsl_spi_slave_driver.c'
' '
'Building file: C:/Freescale/KSDK_1.2.0/platform/drivers/src/spi/fsl_spi_dma_master_driver.c'
'Invoking: Cross ARM C Compiler'
arm-none-eabi-gcc -mcpu=cortex-m0plus -mthumb -Os -fmessage-length=0 -fsigned-char -ffunction-sections -fdata-sections -Wall  -g -DDEBUG -DCPU_MKL25Z128VLK4 -DFRDM_KL25Z -DFREEDOM -I../../../../../platform/CMSIS/Include -I../../../../../platform/devices -I../../../../../platform/devices/MKL25Z4/include -I../../../../../platform/devices/MKL25Z4/startup -I../../../../../platform/utilities/inc -I../../../../../platform/hal/inc -I../../../../../platform/drivers/inc -I../../../../../platform/system/inc -I../../../../../platform/osa/inc -std=gnu99 -fno-common  -ffreestanding  -fno-builtin  -mapcs -MMD -MP -MF"platform/spi/drivers/master/fsl_spi_dma_master_driver.d" -MT"platform/spi/drivers/master/fsl_spi_dma_master_driver.o" -c -o "platform/spi/drivers/master/fsl_spi_dma_master_driver.o" "C:/Freescale/KSDK_1.2.0/platform/drivers/src/spi/fsl_spi_dma_master_driver.c"
'Finished building: C:/Freescale/KSDK_1.2.0/platform/drivers/src/spi/fsl_spi_dma_master_driver.c'
' '
'Building file: C:/Freescale/KSDK_1.2.0/platform/drivers/src/spi/fsl_spi_master_driver.c'
'Invoking: Cross ARM C Compiler'
arm-none-eabi-gcc -mcpu=cortex-m0plus -mthumb -Os -fmessage-length=0 -fsigned-char -ffunction-sections -fdata-sections -Wall  -g -DDEBUG -DCPU_MKL25Z128VLK4 -DFRDM_KL25Z -DFREEDOM -I../../../../../platform/CMSIS/Include -I../../../../../platform/devices -I../../../../../platform/devices/MKL25Z4/include -I../../../../../platform/devices/MKL25Z4/startup -I../../../../../platform/utilities/inc -I../../../../../platform/hal/inc -I../../../../../platform/drivers/inc -I../../../../../platform/system/inc -I../../../../../platform/osa/inc -std=gnu99 -fno-common  -ffreestanding  -fno-builtin  -mapcs -MMD -MP -MF"platform/spi/drivers/master/fsl_spi_master_driver.d" -MT"platform/spi/drivers/master/fsl_spi_master_driver.o" -c -o "platform/spi/drivers/master/fsl_spi_master_driver.o" "C:/Freescale/KSDK_1.2.0/platform/drivers/src/spi/fsl_spi_master_driver.c"
'Finished building: C:/Freescale/KSDK_1.2.0/platform/drivers/src/spi/fsl_spi_master_driver.c'
' '
'Building file: C:/Freescale/KSDK_1.2.0/platform/drivers/src/spi/fsl_spi_common.c'
'Invoking: Cross ARM C Compiler'
arm-none-eabi-gcc -mcpu=cortex-m0plus -mthumb -Os -fmessage-length=0 -fsigned-char -ffunction-sections -fdata-sections -Wall  -g -DDEBUG -DCPU_MKL25Z128VLK4 -DFRDM_KL25Z -DFREEDOM -I../../../../../platform/CMSIS/Include -I../../../../../platform/devices -I../../../../../platform/devices/MKL25Z4/include -I../../../../../platform/devices/MKL25Z4/startup -I../../../../../platform/utilities/inc -I../../../../../platform/hal/inc -I../../../../../platform/drivers/inc -I../../../../../platform/system/inc -I../../../../../platform/osa/inc -std=gnu99 -fno-common  -ffreestanding  -fno-builtin  -mapcs -MMD -MP -MF"platform/spi/drivers/fsl_spi_common.d" -MT"platform/spi/drivers/fsl_spi_common.o" -c -o "platform/spi/drivers/fsl_spi_common.o" "C:/Freescale/KSDK_1.2.0/platform/drivers/src/spi/fsl_spi_common.c"
'Finished building: C:/Freescale/KSDK_1.2.0/platform/drivers/src/spi/fsl_spi_common.c'
' '
'Building file: C:/Freescale/KSDK_1.2.0/platform/drivers/src/spi/fsl_spi_dma_shared_function.c'
'Invoking: Cross ARM C Compiler'
arm-none-eabi-gcc -mcpu=cortex-m0plus -mthumb -Os -fmessage-length=0 -fsigned-char -ffunction-sections -fdata-sections -Wall  -g -DDEBUG -DCPU_MKL25Z128VLK4 -DFRDM_KL25Z -DFREEDOM -I../../../../../platform/CMSIS/Include -I../../../../../platform/devices -I../../../../../platform/devices/MKL25Z4/include -I../../../../../platform/devices/MKL25Z4/startup -I../../../../../platform/utilities/inc -I../../../../../platform/hal/inc -I../../../../../platform/drivers/inc -I../../../../../platform/system/inc -I../../../../../platform/osa/inc -std=gnu99 -fno-common  -ffreestanding  -fno-builtin  -mapcs -MMD -MP -MF"platform/spi/drivers/fsl_spi_dma_shared_function.d" -MT"platform/spi/drivers/fsl_spi_dma_shared_function.o" -c -o "platform/spi/drivers/fsl_spi_dma_shared_function.o" "C:/Freescale/KSDK_1.2.0/platform/drivers/src/spi/fsl_spi_dma_shared_function.c"
'Finished building: C:/Freescale/KSDK_1.2.0/platform/drivers/src/spi/fsl_spi_dma_shared_function.c'
' '
'Building file: C:/Freescale/KSDK_1.2.0/platform/drivers/src/spi/fsl_spi_shared_function.c'
'Invoking: Cross ARM C Compiler'
arm-none-eabi-gcc -mcpu=cortex-m0plus -mthumb -Os -fmessage-length=0 -fsigned-char -ffunction-sections -fdata-sections -Wall  -g -DDEBUG -DCPU_MKL25Z128VLK4 -DFRDM_KL25Z -DFREEDOM -I../../../../../platform/CMSIS/Include -I../../../../../platform/devices -I../../../../../platform/devices/MKL25Z4/include -I../../../../../platform/devices/MKL25Z4/startup -I../../../../../platform/utilities/inc -I../../../../../platform/hal/inc -I../../../../../platform/drivers/inc -I../../../../../platform/system/inc -I../../../../../platform/osa/inc -std=gnu99 -fno-common  -ffreestanding  -fno-builtin  -mapcs -MMD -MP -MF"platform/spi/drivers/fsl_spi_shared_function.d" -MT"platform/spi/drivers/fsl_spi_shared_function.o" -c -o "platform/spi/drivers/fsl_spi_shared_function.o" "C:/Freescale/KSDK_1.2.0/platform/drivers/src/spi/fsl_spi_shared_function.c"
'Finished building: C:/Freescale/KSDK_1.2.0/platform/drivers/src/spi/fsl_spi_shared_function.c'
' '
'Building file: C:/Freescale/KSDK_1.2.0/platform/hal/src/smc/fsl_smc_hal.c'
'Invoking: Cross ARM C Compiler'
arm-none-eabi-gcc -mcpu=cortex-m0plus -mthumb -Os -fmessage-length=0 -fsigned-char -ffunction-sections -fdata-sections -Wall  -g -DDEBUG -DCPU_MKL25Z128VLK4 -DFRDM_KL25Z -DFREEDOM -I../../../../../platform/CMSIS/Include -I../../../../../platform/devices -I../../../../../platform/devices/MKL25Z4/include -I../../../../../platform/devices/MKL25Z4/startup -I../../../../../platform/utilities/inc -I../../../../../platform/hal/inc -I../../../../../platform/drivers/inc -I../../../../../platform/system/inc -I../../../../../platform/osa/inc -std=gnu99 -fno-common  -ffreestanding  -fno-builtin  -mapcs -MMD -MP -MF"platform/smc/hal/fsl_smc_hal.d" -MT"platform/smc/hal/fsl_smc_hal.o" -c -o "platform/smc/hal/fsl_smc_hal.o" "C:/Freescale/KSDK_1.2.0/platform/hal/src/smc/fsl_smc_hal.c"
'Finished building: C:/Freescale/KSDK_1.2.0/platform/hal/src/smc/fsl_smc_hal.c'
' '
'Building file: C:/Freescale/KSDK_1.2.0/platform/hal/src/sim/MKL25Z4/fsl_sim_hal_MKL25Z4.c'
'Invoking: Cross ARM C Compiler'
arm-none-eabi-gcc -mcpu=cortex-m0plus -mthumb -Os -fmessage-length=0 -fsigned-char -ffunction-sections -fdata-sections -Wall  -g -DDEBUG -DCPU_MKL25Z128VLK4 -DFRDM_KL25Z -DFREEDOM -I../../../../../platform/CMSIS/Include -I../../../../../platform/devices -I../../../../../platform/devices/MKL25Z4/include -I../../../../../platform/devices/MKL25Z4/startup -I../../../../../platform/utilities/inc -I../../../../../platform/hal/inc -I../../../../../platform/drivers/inc -I../../../../../platform/system/inc -I../../../../../platform/osa/inc -std=gnu99 -fno-common  -ffreestanding  -fno-builtin  -mapcs -MMD -MP -MF"platform/sim/hal/fsl_sim_hal_MKL25Z4.d" -MT"platform/sim/hal/fsl_sim_hal_MKL25Z4.o" -c -o "platform/sim/hal/fsl_sim_hal_MKL25Z4.o" "C:/Freescale/KSDK_1.2.0/platform/hal/src/sim/MKL25Z4/fsl_sim_hal_MKL25Z4.c"
'Finished building: C:/Freescale/KSDK_1.2.0/platform/hal/src/sim/MKL25Z4/fsl_sim_hal_MKL25Z4.c'
' '
'Building file: C:/Freescale/KSDK_1.2.0/platform/hal/src/rtc/fsl_rtc_hal.c'
'Invoking: Cross ARM C Compiler'
arm-none-eabi-gcc -mcpu=cortex-m0plus -mthumb -Os -fmessage-length=0 -fsigned-char -ffunction-sections -fdata-sections -Wall  -g -DDEBUG -DCPU_MKL25Z128VLK4 -DFRDM_KL25Z -DFREEDOM -I../../../../../platform/CMSIS/Include -I../../../../../platform/devices -I../../../../../platform/devices/MKL25Z4/include -I../../../../../platform/devices/MKL25Z4/startup -I../../../../../platform/utilities/inc -I../../../../../platform/hal/inc -I../../../../../platform/drivers/inc -I../../../../../platform/system/inc -I../../../../../platform/osa/inc -std=gnu99 -fno-common  -ffreestanding  -fno-builtin  -mapcs -MMD -MP -MF"platform/rtc/hal/fsl_rtc_hal.d" -MT"platform/rtc/hal/fsl_rtc_hal.o" -c -o "platform/rtc/hal/fsl_rtc_hal.o" "C:/Freescale/KSDK_1.2.0/platform/hal/src/rtc/fsl_rtc_hal.c"
'Finished building: C:/Freescale/KSDK_1.2.0/platform/hal/src/rtc/fsl_rtc_hal.c'
' '
'Building file: C:/Freescale/KSDK_1.2.0/platform/drivers/src/rtc/fsl_rtc_common.c'
'Invoking: Cross ARM C Compiler'
arm-none-eabi-gcc -mcpu=cortex-m0plus -mthumb -Os -fmessage-length=0 -fsigned-char -ffunction-sections -fdata-sections -Wall  -g -DDEBUG -DCPU_MKL25Z128VLK4 -DFRDM_KL25Z -DFREEDOM -I../../../../../platform/CMSIS/Include -I../../../../../platform/devices -I../../../../../platform/devices/MKL25Z4/include -I../../../../../platform/devices/MKL25Z4/startup -I../../../../../platform/utilities/inc -I../../../../../platform/hal/inc -I../../../../../platform/drivers/inc -I../../../../../platform/system/inc -I../../../../../platform/osa/inc -std=gnu99 -fno-common  -ffreestanding  -fno-builtin  -mapcs -MMD -MP -MF"platform/rtc/drivers/fsl_rtc_common.d" -MT"platform/rtc/drivers/fsl_rtc_common.o" -c -o "platform/rtc/drivers/fsl_rtc_common.o" "C:/Freescale/KSDK_1.2.0/platform/drivers/src/rtc/fsl_rtc_common.c"
'Finished building: C:/Freescale/KSDK_1.2.0/platform/drivers/src/rtc/fsl_rtc_common.c'
' '
'Building file: C:/Freescale/KSDK_1.2.0/platform/drivers/src/rtc/fsl_rtc_driver.c'
'Invoking: Cross ARM C Compiler'
arm-none-eabi-gcc -mcpu=cortex-m0plus -mthumb -Os -fmessage-length=0 -fsigned-char -ffunction-sections -fdata-sections -Wall  -g -DDEBUG -DCPU_MKL25Z128VLK4 -DFRDM_KL25Z -DFREEDOM -I../../../../../platform/CMSIS/Include -I../../../../../platform/devices -I../../../../../platform/devices/MKL25Z4/include -I../../../../../platform/devices/MKL25Z4/startup -I../../../../../platform/utilities/inc -I../../../../../platform/hal/inc -I../../../../../platform/drivers/inc -I../../../../../platform/system/inc -I../../../../../platform/osa/inc -std=gnu99 -fno-common  -ffreestanding  -fno-builtin  -mapcs -MMD -MP -MF"platform/rtc/drivers/fsl_rtc_driver.d" -MT"platform/rtc/drivers/fsl_rtc_driver.o" -c -o "platform/rtc/drivers/fsl_rtc_driver.o" "C:/Freescale/KSDK_1.2.0/platform/drivers/src/rtc/fsl_rtc_driver.c"
'Finished building: C:/Freescale/KSDK_1.2.0/platform/drivers/src/rtc/fsl_rtc_driver.c'
' '
'Building file: C:/Freescale/KSDK_1.2.0/platform/hal/src/rcm/fsl_rcm_hal.c'
'Invoking: Cross ARM C Compiler'
arm-none-eabi-gcc -mcpu=cortex-m0plus -mthumb -Os -fmessage-length=0 -fsigned-char -ffunction-sections -fdata-sections -Wall  -g -DDEBUG -DCPU_MKL25Z128VLK4 -DFRDM_KL25Z -DFREEDOM -I../../../../../platform/CMSIS/Include -I../../../../../platform/devices -I../../../../../platform/devices/MKL25Z4/include -I../../../../../platform/devices/MKL25Z4/startup -I../../../../../platform/utilities/inc -I../../../../../platform/hal/inc -I../../../../../platform/drivers/inc -I../../../../../platform/system/inc -I../../../../../platform/osa/inc -std=gnu99 -fno-common  -ffreestanding  -fno-builtin  -mapcs -MMD -MP -MF"platform/rcm/hal/fsl_rcm_hal.d" -MT"platform/rcm/hal/fsl_rcm_hal.o" -c -o "platform/rcm/hal/fsl_rcm_hal.o" "C:/Freescale/KSDK_1.2.0/platform/hal/src/rcm/fsl_rcm_hal.c"
'Finished building: C:/Freescale/KSDK_1.2.0/platform/hal/src/rcm/fsl_rcm_hal.c'
' '
'Building file: C:/Freescale/KSDK_1.2.0/platform/system/src/power/fsl_power_manager.c'
'Invoking: Cross ARM C Compiler'
arm-none-eabi-gcc -mcpu=cortex-m0plus -mthumb -Os -fmessage-length=0 -fsigned-char -ffunction-sections -fdata-sections -Wall  -g -DDEBUG -DCPU_MKL25Z128VLK4 -DFRDM_KL25Z -DFREEDOM -I../../../../../platform/CMSIS/Include -I../../../../../platform/devices -I../../../../../platform/devices/MKL25Z4/include -I../../../../../platform/devices/MKL25Z4/startup -I../../../../../platform/utilities/inc -I../../../../../platform/hal/inc -I../../../../../platform/drivers/inc -I../../../../../platform/system/inc -I../../../../../platform/osa/inc -std=gnu99 -fno-common  -ffreestanding  -fno-builtin  -mapcs -MMD -MP -MF"platform/power/system/fsl_power_manager.d" -MT"platform/power/system/fsl_power_manager.o" -c -o "platform/power/system/fsl_power_manager.o" "C:/Freescale/KSDK_1.2.0/platform/system/src/power/fsl_power_manager.c"
'Finished building: C:/Freescale/KSDK_1.2.0/platform/system/src/power/fsl_power_manager.c'
' '
'Building file: C:/Freescale/KSDK_1.2.0/platform/hal/src/port/fsl_port_hal.c'
'Invoking: Cross ARM C Compiler'
arm-none-eabi-gcc -mcpu=cortex-m0plus -mthumb -Os -fmessage-length=0 -fsigned-char -ffunction-sections -fdata-sections -Wall  -g -DDEBUG -DCPU_MKL25Z128VLK4 -DFRDM_KL25Z -DFREEDOM -I../../../../../platform/CMSIS/Include -I../../../../../platform/devices -I../../../../../platform/devices/MKL25Z4/include -I../../../../../platform/devices/MKL25Z4/startup -I../../../../../platform/utilities/inc -I../../../../../platform/hal/inc -I../../../../../platform/drivers/inc -I../../../../../platform/system/inc -I../../../../../platform/osa/inc -std=gnu99 -fno-common  -ffreestanding  -fno-builtin  -mapcs -MMD -MP -MF"platform/port/hal/fsl_port_hal.d" -MT"platform/port/hal/fsl_port_hal.o" -c -o "platform/port/hal/fsl_port_hal.o" "C:/Freescale/KSDK_1.2.0/platform/hal/src/port/fsl_port_hal.c"
'Finished building: C:/Freescale/KSDK_1.2.0/platform/hal/src/port/fsl_port_hal.c'
' '
'Building file: C:/Freescale/KSDK_1.2.0/platform/hal/src/pit/fsl_pit_hal.c'
'Invoking: Cross ARM C Compiler'
arm-none-eabi-gcc -mcpu=cortex-m0plus -mthumb -Os -fmessage-length=0 -fsigned-char -ffunction-sections -fdata-sections -Wall  -g -DDEBUG -DCPU_MKL25Z128VLK4 -DFRDM_KL25Z -DFREEDOM -I../../../../../platform/CMSIS/Include -I../../../../../platform/devices -I../../../../../platform/devices/MKL25Z4/include -I../../../../../platform/devices/MKL25Z4/startup -I../../../../../platform/utilities/inc -I../../../../../platform/hal/inc -I../../../../../platform/drivers/inc -I../../../../../platform/system/inc -I../../../../../platform/osa/inc -std=gnu99 -fno-common  -ffreestanding  -fno-builtin  -mapcs -MMD -MP -MF"platform/pit/hal/fsl_pit_hal.d" -MT"platform/pit/hal/fsl_pit_hal.o" -c -o "platform/pit/hal/fsl_pit_hal.o" "C:/Freescale/KSDK_1.2.0/platform/hal/src/pit/fsl_pit_hal.c"
'Finished building: C:/Freescale/KSDK_1.2.0/platform/hal/src/pit/fsl_pit_hal.c'
' '
'Building file: C:/Freescale/KSDK_1.2.0/platform/drivers/src/pit/fsl_pit_common.c'
'Invoking: Cross ARM C Compiler'
arm-none-eabi-gcc -mcpu=cortex-m0plus -mthumb -Os -fmessage-length=0 -fsigned-char -ffunction-sections -fdata-sections -Wall  -g -DDEBUG -DCPU_MKL25Z128VLK4 -DFRDM_KL25Z -DFREEDOM -I../../../../../platform/CMSIS/Include -I../../../../../platform/devices -I../../../../../platform/devices/MKL25Z4/include -I../../../../../platform/devices/MKL25Z4/startup -I../../../../../platform/utilities/inc -I../../../../../platform/hal/inc -I../../../../../platform/drivers/inc -I../../../../../platform/system/inc -I../../../../../platform/osa/inc -std=gnu99 -fno-common  -ffreestanding  -fno-builtin  -mapcs -MMD -MP -MF"platform/pit/drivers/fsl_pit_common.d" -MT"platform/pit/drivers/fsl_pit_common.o" -c -o "platform/pit/drivers/fsl_pit_common.o" "C:/Freescale/KSDK_1.2.0/platform/drivers/src/pit/fsl_pit_common.c"
'Finished building: C:/Freescale/KSDK_1.2.0/platform/drivers/src/pit/fsl_pit_common.c'
' '
'Building file: C:/Freescale/KSDK_1.2.0/platform/drivers/src/pit/fsl_pit_driver.c'
'Invoking: Cross ARM C Compiler'
arm-none-eabi-gcc -mcpu=cortex-m0plus -mthumb -Os -fmessage-length=0 -fsigned-char -ffunction-sections -fdata-sections -Wall  -g -DDEBUG -DCPU_MKL25Z128VLK4 -DFRDM_KL25Z -DFREEDOM -I../../../../../platform/CMSIS/Include -I../../../../../platform/devices -I../../../../../platform/devices/MKL25Z4/include -I../../../../../platform/devices/MKL25Z4/startup -I../../../../../platform/utilities/inc -I../../../../../platform/hal/inc -I../../../../../platform/drivers/inc -I../../../../../platform/system/inc -I../../../../../platform/osa/inc -std=gnu99 -fno-common  -ffreestanding  -fno-builtin  -mapcs -MMD -MP -MF"platform/pit/drivers/fsl_pit_driver.d" -MT"platform/pit/drivers/fsl_pit_driver.o" -c -o "platform/pit/drivers/fsl_pit_driver.o" "C:/Freescale/KSDK_1.2.0/platform/drivers/src/pit/fsl_pit_driver.c"
'Finished building: C:/Freescale/KSDK_1.2.0/platform/drivers/src/pit/fsl_pit_driver.c'
' '
'Building file: C:/Freescale/KSDK_1.2.0/platform/hal/src/osc/fsl_osc_hal.c'
'Invoking: Cross ARM C Compiler'
arm-none-eabi-gcc -mcpu=cortex-m0plus -mthumb -Os -fmessage-length=0 -fsigned-char -ffunction-sections -fdata-sections -Wall  -g -DDEBUG -DCPU_MKL25Z128VLK4 -DFRDM_KL25Z -DFREEDOM -I../../../../../platform/CMSIS/Include -I../../../../../platform/devices -I../../../../../platform/devices/MKL25Z4/include -I../../../../../platform/devices/MKL25Z4/startup -I../../../../../platform/utilities/inc -I../../../../../platform/hal/inc -I../../../../../platform/drivers/inc -I../../../../../platform/system/inc -I../../../../../platform/osa/inc -std=gnu99 -fno-common  -ffreestanding  -fno-builtin  -mapcs -MMD -MP -MF"platform/osc/hal/fsl_osc_hal.d" -MT"platform/osc/hal/fsl_osc_hal.o" -c -o "platform/osc/hal/fsl_osc_hal.o" "C:/Freescale/KSDK_1.2.0/platform/hal/src/osc/fsl_osc_hal.c"
'Finished building: C:/Freescale/KSDK_1.2.0/platform/hal/src/osc/fsl_osc_hal.c'
' '
'Building file: C:/Freescale/KSDK_1.2.0/platform/hal/src/mcg/fsl_mcg_hal.c'
'Invoking: Cross ARM C Compiler'
arm-none-eabi-gcc -mcpu=cortex-m0plus -mthumb -Os -fmessage-length=0 -fsigned-char -ffunction-sections -fdata-sections -Wall  -g -DDEBUG -DCPU_MKL25Z128VLK4 -DFRDM_KL25Z -DFREEDOM -I../../../../../platform/CMSIS/Include -I../../../../../platform/devices -I../../../../../platform/devices/MKL25Z4/include -I../../../../../platform/devices/MKL25Z4/startup -I../../../../../platform/utilities/inc -I../../../../../platform/hal/inc -I../../../../../platform/drivers/inc -I../../../../../platform/system/inc -I../../../../../platform/osa/inc -std=gnu99 -fno-common  -ffreestanding  -fno-builtin  -mapcs -MMD -MP -MF"platform/mcg/hal/fsl_mcg_hal.d" -MT"platform/mcg/hal/fsl_mcg_hal.o" -c -o "platform/mcg/hal/fsl_mcg_hal.o" "C:/Freescale/KSDK_1.2.0/platform/hal/src/mcg/fsl_mcg_hal.c"
'Finished building: C:/Freescale/KSDK_1.2.0/platform/hal/src/mcg/fsl_mcg_hal.c'
' '
'Building file: C:/Freescale/KSDK_1.2.0/platform/hal/src/mcg/fsl_mcg_hal_modes.c'
'Invoking: Cross ARM C Compiler'
arm-none-eabi-gcc -mcpu=cortex-m0plus -mthumb -Os -fmessage-length=0 -fsigned-char -ffunction-sections -fdata-sections -Wall  -g -DDEBUG -DCPU_MKL25Z128VLK4 -DFRDM_KL25Z -DFREEDOM -I../../../../../platform/CMSIS/Include -I../../../../../platform/devices -I../../../../../platform/devices/MKL25Z4/include -I../../../../../platform/devices/MKL25Z4/startup -I../../../../../platform/utilities/inc -I../../../../../platform/hal/inc -I../../../../../platform/drivers/inc -I../../../../../platform/system/inc -I../../../../../platform/osa/inc -std=gnu99 -fno-common  -ffreestanding  -fno-builtin  -mapcs -MMD -MP -MF"platform/mcg/hal/fsl_mcg_hal_modes.d" -MT"platform/mcg/hal/fsl_mcg_hal_modes.o" -c -o "platform/mcg/hal/fsl_mcg_hal_modes.o" "C:/Freescale/KSDK_1.2.0/platform/hal/src/mcg/fsl_mcg_hal_modes.c"
'Finished building: C:/Freescale/KSDK_1.2.0/platform/hal/src/mcg/fsl_mcg_hal_modes.c'
' '
'Building file: C:/Freescale/KSDK_1.2.0/platform/hal/src/lptmr/fsl_lptmr_hal.c'
'Invoking: Cross ARM C Compiler'
arm-none-eabi-gcc -mcpu=cortex-m0plus -mthumb -Os -fmessage-length=0 -fsigned-char -ffunction-sections -fdata-sections -Wall  -g -DDEBUG -DCPU_MKL25Z128VLK4 -DFRDM_KL25Z -DFREEDOM -I../../../../../platform/CMSIS/Include -I../../../../../platform/devices -I../../../../../platform/devices/MKL25Z4/include -I../../../../../platform/devices/MKL25Z4/startup -I../../../../../platform/utilities/inc -I../../../../../platform/hal/inc -I../../../../../platform/drivers/inc -I../../../../../platform/system/inc -I../../../../../platform/osa/inc -std=gnu99 -fno-common  -ffreestanding  -fno-builtin  -mapcs -MMD -MP -MF"platform/lptmr/hal/fsl_lptmr_hal.d" -MT"platform/lptmr/hal/fsl_lptmr_hal.o" -c -o "platform/lptmr/hal/fsl_lptmr_hal.o" "C:/Freescale/KSDK_1.2.0/platform/hal/src/lptmr/fsl_lptmr_hal.c"
'Finished building: C:/Freescale/KSDK_1.2.0/platform/hal/src/lptmr/fsl_lptmr_hal.c'
' '
'Building file: C:/Freescale/KSDK_1.2.0/platform/drivers/src/lptmr/fsl_lptmr_common.c'
'Invoking: Cross ARM C Compiler'
arm-none-eabi-gcc -mcpu=cortex-m0plus -mthumb -Os -fmessage-length=0 -fsigned-char -ffunction-sections -fdata-sections -Wall  -g -DDEBUG -DCPU_MKL25Z128VLK4 -DFRDM_KL25Z -DFREEDOM -I../../../../../platform/CMSIS/Include -I../../../../../platform/devices -I../../../../../platform/devices/MKL25Z4/include -I../../../../../platform/devices/MKL25Z4/startup -I../../../../../platform/utilities/inc -I../../../../../platform/hal/inc -I../../../../../platform/drivers/inc -I../../../../../platform/system/inc -I../../../../../platform/osa/inc -std=gnu99 -fno-common  -ffreestanding  -fno-builtin  -mapcs -MMD -MP -MF"platform/lptmr/drivers/fsl_lptmr_common.d" -MT"platform/lptmr/drivers/fsl_lptmr_common.o" -c -o "platform/lptmr/drivers/fsl_lptmr_common.o" "C:/Freescale/KSDK_1.2.0/platform/drivers/src/lptmr/fsl_lptmr_common.c"
'Finished building: C:/Freescale/KSDK_1.2.0/platform/drivers/src/lptmr/fsl_lptmr_common.c'
' '
'Building file: C:/Freescale/KSDK_1.2.0/platform/drivers/src/lptmr/fsl_lptmr_driver.c'
'Invoking: Cross ARM C Compiler'
arm-none-eabi-gcc -mcpu=cortex-m0plus -mthumb -Os -fmessage-length=0 -fsigned-char -ffunction-sections -fdata-sections -Wall  -g -DDEBUG -DCPU_MKL25Z128VLK4 -DFRDM_KL25Z -DFREEDOM -I../../../../../platform/CMSIS/Include -I../../../../../platform/devices -I../../../../../platform/devices/MKL25Z4/include -I../../../../../platform/devices/MKL25Z4/startup -I../../../../../platform/utilities/inc -I../../../../../platform/hal/inc -I../../../../../platform/drivers/inc -I../../../../../platform/system/inc -I../../../../../platform/osa/inc -std=gnu99 -fno-common  -ffreestanding  -fno-builtin  -mapcs -MMD -MP -MF"platform/lptmr/drivers/fsl_lptmr_driver.d" -MT"platform/lptmr/drivers/fsl_lptmr_driver.o" -c -o "platform/lptmr/drivers/fsl_lptmr_driver.o" "C:/Freescale/KSDK_1.2.0/platform/drivers/src/lptmr/fsl_lptmr_driver.c"
'Finished building: C:/Freescale/KSDK_1.2.0/platform/drivers/src/lptmr/fsl_lptmr_driver.c'
' '
'Building file: C:/Freescale/KSDK_1.2.0/platform/hal/src/lpsci/fsl_lpsci_hal.c'
'Invoking: Cross ARM C Compiler'
arm-none-eabi-gcc -mcpu=cortex-m0plus -mthumb -Os -fmessage-length=0 -fsigned-char -ffunction-sections -fdata-sections -Wall  -g -DDEBUG -DCPU_MKL25Z128VLK4 -DFRDM_KL25Z -DFREEDOM -I../../../../../platform/CMSIS/Include -I../../../../../platform/devices -I../../../../../platform/devices/MKL25Z4/include -I../../../../../platform/devices/MKL25Z4/startup -I../../../../../platform/utilities/inc -I../../../../../platform/hal/inc -I../../../../../platform/drivers/inc -I../../../../../platform/system/inc -I../../../../../platform/osa/inc -std=gnu99 -fno-common  -ffreestanding  -fno-builtin  -mapcs -MMD -MP -MF"platform/lpsci/hal/fsl_lpsci_hal.d" -MT"platform/lpsci/hal/fsl_lpsci_hal.o" -c -o "platform/lpsci/hal/fsl_lpsci_hal.o" "C:/Freescale/KSDK_1.2.0/platform/hal/src/lpsci/fsl_lpsci_hal.c"
'Finished building: C:/Freescale/KSDK_1.2.0/platform/hal/src/lpsci/fsl_lpsci_hal.c'
' '
'Building file: C:/Freescale/KSDK_1.2.0/platform/drivers/src/lpsci/fsl_lpsci_common.c'
'Invoking: Cross ARM C Compiler'
arm-none-eabi-gcc -mcpu=cortex-m0plus -mthumb -Os -fmessage-length=0 -fsigned-char -ffunction-sections -fdata-sections -Wall  -g -DDEBUG -DCPU_MKL25Z128VLK4 -DFRDM_KL25Z -DFREEDOM -I../../../../../platform/CMSIS/Include -I../../../../../platform/devices -I../../../../../platform/devices/MKL25Z4/include -I../../../../../platform/devices/MKL25Z4/startup -I../../../../../platform/utilities/inc -I../../../../../platform/hal/inc -I../../../../../platform/drivers/inc -I../../../../../platform/system/inc -I../../../../../platform/osa/inc -std=gnu99 -fno-common  -ffreestanding  -fno-builtin  -mapcs -MMD -MP -MF"platform/lpsci/drivers/fsl_lpsci_common.d" -MT"platform/lpsci/drivers/fsl_lpsci_common.o" -c -o "platform/lpsci/drivers/fsl_lpsci_common.o" "C:/Freescale/KSDK_1.2.0/platform/drivers/src/lpsci/fsl_lpsci_common.c"
'Finished building: C:/Freescale/KSDK_1.2.0/platform/drivers/src/lpsci/fsl_lpsci_common.c'
' '
'Building file: C:/Freescale/KSDK_1.2.0/platform/drivers/src/lpsci/fsl_lpsci_dma_driver.c'
'Invoking: Cross ARM C Compiler'
arm-none-eabi-gcc -mcpu=cortex-m0plus -mthumb -Os -fmessage-length=0 -fsigned-char -ffunction-sections -fdata-sections -Wall  -g -DDEBUG -DCPU_MKL25Z128VLK4 -DFRDM_KL25Z -DFREEDOM -I../../../../../platform/CMSIS/Include -I../../../../../platform/devices -I../../../../../platform/devices/MKL25Z4/include -I../../../../../platform/devices/MKL25Z4/startup -I../../../../../platform/utilities/inc -I../../../../../platform/hal/inc -I../../../../../platform/drivers/inc -I../../../../../platform/system/inc -I../../../../../platform/osa/inc -std=gnu99 -fno-common  -ffreestanding  -fno-builtin  -mapcs -MMD -MP -MF"platform/lpsci/drivers/fsl_lpsci_dma_driver.d" -MT"platform/lpsci/drivers/fsl_lpsci_dma_driver.o" -c -o "platform/lpsci/drivers/fsl_lpsci_dma_driver.o" "C:/Freescale/KSDK_1.2.0/platform/drivers/src/lpsci/fsl_lpsci_dma_driver.c"
'Finished building: C:/Freescale/KSDK_1.2.0/platform/drivers/src/lpsci/fsl_lpsci_dma_driver.c'
' '
'Building file: C:/Freescale/KSDK_1.2.0/platform/drivers/src/lpsci/fsl_lpsci_driver.c'
'Invoking: Cross ARM C Compiler'
arm-none-eabi-gcc -mcpu=cortex-m0plus -mthumb -Os -fmessage-length=0 -fsigned-char -ffunction-sections -fdata-sections -Wall  -g -DDEBUG -DCPU_MKL25Z128VLK4 -DFRDM_KL25Z -DFREEDOM -I../../../../../platform/CMSIS/Include -I../../../../../platform/devices -I../../../../../platform/devices/MKL25Z4/include -I../../../../../platform/devices/MKL25Z4/startup -I../../../../../platform/utilities/inc -I../../../../../platform/hal/inc -I../../../../../platform/drivers/inc -I../../../../../platform/system/inc -I../../../../../platform/osa/inc -std=gnu99 -fno-common  -ffreestanding  -fno-builtin  -mapcs -MMD -MP -MF"platform/lpsci/drivers/fsl_lpsci_driver.d" -MT"platform/lpsci/drivers/fsl_lpsci_driver.o" -c -o "platform/lpsci/drivers/fsl_lpsci_driver.o" "C:/Freescale/KSDK_1.2.0/platform/drivers/src/lpsci/fsl_lpsci_driver.c"
'Finished building: C:/Freescale/KSDK_1.2.0/platform/drivers/src/lpsci/fsl_lpsci_driver.c'
' '
'Building file: C:/Freescale/KSDK_1.2.0/platform/hal/src/llwu/fsl_llwu_hal.c'
'Invoking: Cross ARM C Compiler'
arm-none-eabi-gcc -mcpu=cortex-m0plus -mthumb -Os -fmessage-length=0 -fsigned-char -ffunction-sections -fdata-sections -Wall  -g -DDEBUG -DCPU_MKL25Z128VLK4 -DFRDM_KL25Z -DFREEDOM -I../../../../../platform/CMSIS/Include -I../../../../../platform/devices -I../../../../../platform/devices/MKL25Z4/include -I../../../../../platform/devices/MKL25Z4/startup -I../../../../../platform/utilities/inc -I../../../../../platform/hal/inc -I../../../../../platform/drivers/inc -I../../../../../platform/system/inc -I../../../../../platform/osa/inc -std=gnu99 -fno-common  -ffreestanding  -fno-builtin  -mapcs -MMD -MP -MF"platform/llwu/hal/fsl_llwu_hal.d" -MT"platform/llwu/hal/fsl_llwu_hal.o" -c -o "platform/llwu/hal/fsl_llwu_hal.o" "C:/Freescale/KSDK_1.2.0/platform/hal/src/llwu/fsl_llwu_hal.c"
'Finished building: C:/Freescale/KSDK_1.2.0/platform/hal/src/llwu/fsl_llwu_hal.c'
' '
'Building file: C:/Freescale/KSDK_1.2.0/platform/system/src/interrupt/fsl_interrupt_manager.c'
'Invoking: Cross ARM C Compiler'
arm-none-eabi-gcc -mcpu=cortex-m0plus -mthumb -Os -fmessage-length=0 -fsigned-char -ffunction-sections -fdata-sections -Wall  -g -DDEBUG -DCPU_MKL25Z128VLK4 -DFRDM_KL25Z -DFREEDOM -I../../../../../platform/CMSIS/Include -I../../../../../platform/devices -I../../../../../platform/devices/MKL25Z4/include -I../../../../../platform/devices/MKL25Z4/startup -I../../../../../platform/utilities/inc -I../../../../../platform/hal/inc -I../../../../../platform/drivers/inc -I../../../../../platform/system/inc -I../../../../../platform/osa/inc -std=gnu99 -fno-common  -ffreestanding  -fno-builtin  -mapcs -MMD -MP -MF"platform/interrupt/system/fsl_interrupt_manager.d" -MT"platform/interrupt/system/fsl_interrupt_manager.o" -c -o "platform/interrupt/system/fsl_interrupt_manager.o" "C:/Freescale/KSDK_1.2.0/platform/system/src/interrupt/fsl_interrupt_manager.c"
'Finished building: C:/Freescale/KSDK_1.2.0/platform/system/src/interrupt/fsl_interrupt_manager.c'
' '
'Building file: C:/Freescale/KSDK_1.2.0/platform/hal/src/i2c/fsl_i2c_hal.c'
'Invoking: Cross ARM C Compiler'
arm-none-eabi-gcc -mcpu=cortex-m0plus -mthumb -Os -fmessage-length=0 -fsigned-char -ffunction-sections -fdata-sections -Wall  -g -DDEBUG -DCPU_MKL25Z128VLK4 -DFRDM_KL25Z -DFREEDOM -I../../../../../platform/CMSIS/Include -I../../../../../platform/devices -I../../../../../platform/devices/MKL25Z4/include -I../../../../../platform/devices/MKL25Z4/startup -I../../../../../platform/utilities/inc -I../../../../../platform/hal/inc -I../../../../../platform/drivers/inc -I../../../../../platform/system/inc -I../../../../../platform/osa/inc -std=gnu99 -fno-common  -ffreestanding  -fno-builtin  -mapcs -MMD -MP -MF"platform/i2c/hal/fsl_i2c_hal.d" -MT"platform/i2c/hal/fsl_i2c_hal.o" -c -o "platform/i2c/hal/fsl_i2c_hal.o" "C:/Freescale/KSDK_1.2.0/platform/hal/src/i2c/fsl_i2c_hal.c"
'Finished building: C:/Freescale/KSDK_1.2.0/platform/hal/src/i2c/fsl_i2c_hal.c'
' '
'Building file: C:/Freescale/KSDK_1.2.0/platform/drivers/src/i2c/fsl_i2c_slave_driver.c'
'Invoking: Cross ARM C Compiler'
arm-none-eabi-gcc -mcpu=cortex-m0plus -mthumb -Os -fmessage-length=0 -fsigned-char -ffunction-sections -fdata-sections -Wall  -g -DDEBUG -DCPU_MKL25Z128VLK4 -DFRDM_KL25Z -DFREEDOM -I../../../../../platform/CMSIS/Include -I../../../../../platform/devices -I../../../../../platform/devices/MKL25Z4/include -I../../../../../platform/devices/MKL25Z4/startup -I../../../../../platform/utilities/inc -I../../../../../platform/hal/inc -I../../../../../platform/drivers/inc -I../../../../../platform/system/inc -I../../../../../platform/osa/inc -std=gnu99 -fno-common  -ffreestanding  -fno-builtin  -mapcs -MMD -MP -MF"platform/i2c/drivers/slave/fsl_i2c_slave_driver.d" -MT"platform/i2c/drivers/slave/fsl_i2c_slave_driver.o" -c -o "platform/i2c/drivers/slave/fsl_i2c_slave_driver.o" "C:/Freescale/KSDK_1.2.0/platform/drivers/src/i2c/fsl_i2c_slave_driver.c"
'Finished building: C:/Freescale/KSDK_1.2.0/platform/drivers/src/i2c/fsl_i2c_slave_driver.c'
' '
'Building file: C:/Freescale/KSDK_1.2.0/platform/drivers/src/i2c/fsl_i2c_master_driver.c'
'Invoking: Cross ARM C Compiler'
arm-none-eabi-gcc -mcpu=cortex-m0plus -mthumb -Os -fmessage-length=0 -fsigned-char -ffunction-sections -fdata-sections -Wall  -g -DDEBUG -DCPU_MKL25Z128VLK4 -DFRDM_KL25Z -DFREEDOM -I../../../../../platform/CMSIS/Include -I../../../../../platform/devices -I../../../../../platform/devices/MKL25Z4/include -I../../../../../platform/devices/MKL25Z4/startup -I../../../../../platform/utilities/inc -I../../../../../platform/hal/inc -I../../../../../platform/drivers/inc -I../../../../../platform/system/inc -I../../../../../platform/osa/inc -std=gnu99 -fno-common  -ffreestanding  -fno-builtin  -mapcs -MMD -MP -MF"platform/i2c/drivers/master/fsl_i2c_master_driver.d" -MT"platform/i2c/drivers/master/fsl_i2c_master_driver.o" -c -o "platform/i2c/drivers/master/fsl_i2c_master_driver.o" "C:/Freescale/KSDK_1.2.0/platform/drivers/src/i2c/fsl_i2c_master_driver.c"
'Finished building: C:/Freescale/KSDK_1.2.0/platform/drivers/src/i2c/fsl_i2c_master_driver.c'
' '
'Building file: C:/Freescale/KSDK_1.2.0/platform/drivers/src/i2c/fsl_i2c_common.c'
'Invoking: Cross ARM C Compiler'
arm-none-eabi-gcc -mcpu=cortex-m0plus -mthumb -Os -fmessage-length=0 -fsigned-char -ffunction-sections -fdata-sections -Wall  -g -DDEBUG -DCPU_MKL25Z128VLK4 -DFRDM_KL25Z -DFREEDOM -I../../../../../platform/CMSIS/Include -I../../../../../platform/devices -I../../../../../platform/devices/MKL25Z4/include -I../../../../../platform/devices/MKL25Z4/startup -I../../../../../platform/utilities/inc -I../../../../../platform/hal/inc -I../../../../../platform/drivers/inc -I../../../../../platform/system/inc -I../../../../../platform/osa/inc -std=gnu99 -fno-common  -ffreestanding  -fno-builtin  -mapcs -MMD -MP -MF"platform/i2c/drivers/fsl_i2c_common.d" -MT"platform/i2c/drivers/fsl_i2c_common.o" -c -o "platform/i2c/drivers/fsl_i2c_common.o" "C:/Freescale/KSDK_1.2.0/platform/drivers/src/i2c/fsl_i2c_common.c"
'Finished building: C:/Freescale/KSDK_1.2.0/platform/drivers/src/i2c/fsl_i2c_common.c'
' '
'Building file: C:/Freescale/KSDK_1.2.0/platform/drivers/src/i2c/fsl_i2c_shared_function.c'
'Invoking: Cross ARM C Compiler'
arm-none-eabi-gcc -mcpu=cortex-m0plus -mthumb -Os -fmessage-length=0 -fsigned-char -ffunction-sections -fdata-sections -Wall  -g -DDEBUG -DCPU_MKL25Z128VLK4 -DFRDM_KL25Z -DFREEDOM -I../../../../../platform/CMSIS/Include -I../../../../../platform/devices -I../../../../../platform/devices/MKL25Z4/include -I../../../../../platform/devices/MKL25Z4/startup -I../../../../../platform/utilities/inc -I../../../../../platform/hal/inc -I../../../../../platform/drivers/inc -I../../../../../platform/system/inc -I../../../../../platform/osa/inc -std=gnu99 -fno-common  -ffreestanding  -fno-builtin  -mapcs -MMD -MP -MF"platform/i2c/drivers/fsl_i2c_shared_function.d" -MT"platform/i2c/drivers/fsl_i2c_shared_function.o" -c -o "platform/i2c/drivers/fsl_i2c_shared_function.o" "C:/Freescale/KSDK_1.2.0/platform/drivers/src/i2c/fsl_i2c_shared_function.c"
'Finished building: C:/Freescale/KSDK_1.2.0/platform/drivers/src/i2c/fsl_i2c_shared_function.c'
' '
'Building file: C:/Freescale/KSDK_1.2.0/platform/system/src/hwtimer/fsl_hwtimer.c'
'Invoking: Cross ARM C Compiler'
arm-none-eabi-gcc -mcpu=cortex-m0plus -mthumb -Os -fmessage-length=0 -fsigned-char -ffunction-sections -fdata-sections -Wall  -g -DDEBUG -DCPU_MKL25Z128VLK4 -DFRDM_KL25Z -DFREEDOM -I../../../../../platform/CMSIS/Include -I../../../../../platform/devices -I../../../../../platform/devices/MKL25Z4/include -I../../../../../platform/devices/MKL25Z4/startup -I../../../../../platform/utilities/inc -I../../../../../platform/hal/inc -I../../../../../platform/drivers/inc -I../../../../../platform/system/inc -I../../../../../platform/osa/inc -std=gnu99 -fno-common  -ffreestanding  -fno-builtin  -mapcs -MMD -MP -MF"platform/hwtimer/system/fsl_hwtimer.d" -MT"platform/hwtimer/system/fsl_hwtimer.o" -c -o "platform/hwtimer/system/fsl_hwtimer.o" "C:/Freescale/KSDK_1.2.0/platform/system/src/hwtimer/fsl_hwtimer.c"
'Finished building: C:/Freescale/KSDK_1.2.0/platform/system/src/hwtimer/fsl_hwtimer.c'
' '
'Building file: C:/Freescale/KSDK_1.2.0/platform/system/src/hwtimer/fsl_hwtimer_pit.c'
'Invoking: Cross ARM C Compiler'
arm-none-eabi-gcc -mcpu=cortex-m0plus -mthumb -Os -fmessage-length=0 -fsigned-char -ffunction-sections -fdata-sections -Wall  -g -DDEBUG -DCPU_MKL25Z128VLK4 -DFRDM_KL25Z -DFREEDOM -I../../../../../platform/CMSIS/Include -I../../../../../platform/devices -I../../../../../platform/devices/MKL25Z4/include -I../../../../../platform/devices/MKL25Z4/startup -I../../../../../platform/utilities/inc -I../../../../../platform/hal/inc -I../../../../../platform/drivers/inc -I../../../../../platform/system/inc -I../../../../../platform/osa/inc -std=gnu99 -fno-common  -ffreestanding  -fno-builtin  -mapcs -MMD -MP -MF"platform/hwtimer/system/fsl_hwtimer_pit.d" -MT"platform/hwtimer/system/fsl_hwtimer_pit.o" -c -o "platform/hwtimer/system/fsl_hwtimer_pit.o" "C:/Freescale/KSDK_1.2.0/platform/system/src/hwtimer/fsl_hwtimer_pit.c"
'Finished building: C:/Freescale/KSDK_1.2.0/platform/system/src/hwtimer/fsl_hwtimer_pit.c'
' '
'Building file: C:/Freescale/KSDK_1.2.0/platform/system/src/hwtimer/fsl_hwtimer_systick.c'
'Invoking: Cross ARM C Compiler'
arm-none-eabi-gcc -mcpu=cortex-m0plus -mthumb -Os -fmessage-length=0 -fsigned-char -ffunction-sections -fdata-sections -Wall  -g -DDEBUG -DCPU_MKL25Z128VLK4 -DFRDM_KL25Z -DFREEDOM -I../../../../../platform/CMSIS/Include -I../../../../../platform/devices -I../../../../../platform/devices/MKL25Z4/include -I../../../../../platform/devices/MKL25Z4/startup -I../../../../../platform/utilities/inc -I../../../../../platform/hal/inc -I../../../../../platform/drivers/inc -I../../../../../platform/system/inc -I../../../../../platform/osa/inc -std=gnu99 -fno-common  -ffreestanding  -fno-builtin  -mapcs -MMD -MP -MF"platform/hwtimer/system/fsl_hwtimer_systick.d" -MT"platform/hwtimer/system/fsl_hwtimer_systick.o" -c -o "platform/hwtimer/system/fsl_hwtimer_systick.o" "C:/Freescale/KSDK_1.2.0/platform/system/src/hwtimer/fsl_hwtimer_systick.c"
'Finished building: C:/Freescale/KSDK_1.2.0/platform/system/src/hwtimer/fsl_hwtimer_systick.c'
' '
'Building file: C:/Freescale/KSDK_1.2.0/platform/hal/src/gpio/fsl_gpio_hal.c'
'Invoking: Cross ARM C Compiler'
arm-none-eabi-gcc -mcpu=cortex-m0plus -mthumb -Os -fmessage-length=0 -fsigned-char -ffunction-sections -fdata-sections -Wall  -g -DDEBUG -DCPU_MKL25Z128VLK4 -DFRDM_KL25Z -DFREEDOM -I../../../../../platform/CMSIS/Include -I../../../../../platform/devices -I../../../../../platform/devices/MKL25Z4/include -I../../../../../platform/devices/MKL25Z4/startup -I../../../../../platform/utilities/inc -I../../../../../platform/hal/inc -I../../../../../platform/drivers/inc -I../../../../../platform/system/inc -I../../../../../platform/osa/inc -std=gnu99 -fno-common  -ffreestanding  -fno-builtin  -mapcs -MMD -MP -MF"platform/gpio/hal/fsl_gpio_hal.d" -MT"platform/gpio/hal/fsl_gpio_hal.o" -c -o "platform/gpio/hal/fsl_gpio_hal.o" "C:/Freescale/KSDK_1.2.0/platform/hal/src/gpio/fsl_gpio_hal.c"
'Finished building: C:/Freescale/KSDK_1.2.0/platform/hal/src/gpio/fsl_gpio_hal.c'
' '
'Building file: C:/Freescale/KSDK_1.2.0/platform/drivers/src/gpio/fsl_gpio_common.c'
'Invoking: Cross ARM C Compiler'
arm-none-eabi-gcc -mcpu=cortex-m0plus -mthumb -Os -fmessage-length=0 -fsigned-char -ffunction-sections -fdata-sections -Wall  -g -DDEBUG -DCPU_MKL25Z128VLK4 -DFRDM_KL25Z -DFREEDOM -I../../../../../platform/CMSIS/Include -I../../../../../platform/devices -I../../../../../platform/devices/MKL25Z4/include -I../../../../../platform/devices/MKL25Z4/startup -I../../../../../platform/utilities/inc -I../../../../../platform/hal/inc -I../../../../../platform/drivers/inc -I../../../../../platform/system/inc -I../../../../../platform/osa/inc -std=gnu99 -fno-common  -ffreestanding  -fno-builtin  -mapcs -MMD -MP -MF"platform/gpio/drivers/fsl_gpio_common.d" -MT"platform/gpio/drivers/fsl_gpio_common.o" -c -o "platform/gpio/drivers/fsl_gpio_common.o" "C:/Freescale/KSDK_1.2.0/platform/drivers/src/gpio/fsl_gpio_common.c"
'Finished building: C:/Freescale/KSDK_1.2.0/platform/drivers/src/gpio/fsl_gpio_common.c'
' '
'Building file: C:/Freescale/KSDK_1.2.0/platform/drivers/src/gpio/fsl_gpio_driver.c'
'Invoking: Cross ARM C Compiler'
arm-none-eabi-gcc -mcpu=cortex-m0plus -mthumb -Os -fmessage-length=0 -fsigned-char -ffunction-sections -fdata-sections -Wall  -g -DDEBUG -DCPU_MKL25Z128VLK4 -DFRDM_KL25Z -DFREEDOM -I../../../../../platform/CMSIS/Include -I../../../../../platform/devices -I../../../../../platform/devices/MKL25Z4/include -I../../../../../platform/devices/MKL25Z4/startup -I../../../../../platform/utilities/inc -I../../../../../platform/hal/inc -I../../../../../platform/drivers/inc -I../../../../../platform/system/inc -I../../../../../platform/osa/inc -std=gnu99 -fno-common  -ffreestanding  -fno-builtin  -mapcs -MMD -MP -MF"platform/gpio/drivers/fsl_gpio_driver.d" -MT"platform/gpio/drivers/fsl_gpio_driver.o" -c -o "platform/gpio/drivers/fsl_gpio_driver.o" "C:/Freescale/KSDK_1.2.0/platform/drivers/src/gpio/fsl_gpio_driver.c"
'Finished building: C:/Freescale/KSDK_1.2.0/platform/drivers/src/gpio/fsl_gpio_driver.c'
' '
'Building file: C:/Freescale/KSDK_1.2.0/platform/hal/src/dmamux/fsl_dmamux_hal.c'
'Invoking: Cross ARM C Compiler'
arm-none-eabi-gcc -mcpu=cortex-m0plus -mthumb -Os -fmessage-length=0 -fsigned-char -ffunction-sections -fdata-sections -Wall  -g -DDEBUG -DCPU_MKL25Z128VLK4 -DFRDM_KL25Z -DFREEDOM -I../../../../../platform/CMSIS/Include -I../../../../../platform/devices -I../../../../../platform/devices/MKL25Z4/include -I../../../../../platform/devices/MKL25Z4/startup -I../../../../../platform/utilities/inc -I../../../../../platform/hal/inc -I../../../../../platform/drivers/inc -I../../../../../platform/system/inc -I../../../../../platform/osa/inc -std=gnu99 -fno-common  -ffreestanding  -fno-builtin  -mapcs -MMD -MP -MF"platform/dmamux/hal/fsl_dmamux_hal.d" -MT"platform/dmamux/hal/fsl_dmamux_hal.o" -c -o "platform/dmamux/hal/fsl_dmamux_hal.o" "C:/Freescale/KSDK_1.2.0/platform/hal/src/dmamux/fsl_dmamux_hal.c"
'Finished building: C:/Freescale/KSDK_1.2.0/platform/hal/src/dmamux/fsl_dmamux_hal.c'
' '
'Building file: C:/Freescale/KSDK_1.2.0/platform/hal/src/dma/fsl_dma_hal.c'
'Invoking: Cross ARM C Compiler'
arm-none-eabi-gcc -mcpu=cortex-m0plus -mthumb -Os -fmessage-length=0 -fsigned-char -ffunction-sections -fdata-sections -Wall  -g -DDEBUG -DCPU_MKL25Z128VLK4 -DFRDM_KL25Z -DFREEDOM -I../../../../../platform/CMSIS/Include -I../../../../../platform/devices -I../../../../../platform/devices/MKL25Z4/include -I../../../../../platform/devices/MKL25Z4/startup -I../../../../../platform/utilities/inc -I../../../../../platform/hal/inc -I../../../../../platform/drivers/inc -I../../../../../platform/system/inc -I../../../../../platform/osa/inc -std=gnu99 -fno-common  -ffreestanding  -fno-builtin  -mapcs -MMD -MP -MF"platform/dma/hal/fsl_dma_hal.d" -MT"platform/dma/hal/fsl_dma_hal.o" -c -o "platform/dma/hal/fsl_dma_hal.o" "C:/Freescale/KSDK_1.2.0/platform/hal/src/dma/fsl_dma_hal.c"
'Finished building: C:/Freescale/KSDK_1.2.0/platform/hal/src/dma/fsl_dma_hal.c'
' '
'Building file: C:/Freescale/KSDK_1.2.0/platform/drivers/src/dma/fsl_dma_common.c'
'Invoking: Cross ARM C Compiler'
arm-none-eabi-gcc -mcpu=cortex-m0plus -mthumb -Os -fmessage-length=0 -fsigned-char -ffunction-sections -fdata-sections -Wall  -g -DDEBUG -DCPU_MKL25Z128VLK4 -DFRDM_KL25Z -DFREEDOM -I../../../../../platform/CMSIS/Include -I../../../../../platform/devices -I../../../../../platform/devices/MKL25Z4/include -I../../../../../platform/devices/MKL25Z4/startup -I../../../../../platform/utilities/inc -I../../../../../platform/hal/inc -I../../../../../platform/drivers/inc -I../../../../../platform/system/inc -I../../../../../platform/osa/inc -std=gnu99 -fno-common  -ffreestanding  -fno-builtin  -mapcs -MMD -MP -MF"platform/dma/drivers/fsl_dma_common.d" -MT"platform/dma/drivers/fsl_dma_common.o" -c -o "platform/dma/drivers/fsl_dma_common.o" "C:/Freescale/KSDK_1.2.0/platform/drivers/src/dma/fsl_dma_common.c"
'Finished building: C:/Freescale/KSDK_1.2.0/platform/drivers/src/dma/fsl_dma_common.c'
' '
'Building file: C:/Freescale/KSDK_1.2.0/platform/drivers/src/dma/fsl_dma_driver.c'
'Invoking: Cross ARM C Compiler'
arm-none-eabi-gcc -mcpu=cortex-m0plus -mthumb -Os -fmessage-length=0 -fsigned-char -ffunction-sections -fdata-sections -Wall  -g -DDEBUG -DCPU_MKL25Z128VLK4 -DFRDM_KL25Z -DFREEDOM -I../../../../../platform/CMSIS/Include -I../../../../../platform/devices -I../../../../../platform/devices/MKL25Z4/include -I../../../../../platform/devices/MKL25Z4/startup -I../../../../../platform/utilities/inc -I../../../../../platform/hal/inc -I../../../../../platform/drivers/inc -I../../../../../platform/system/inc -I../../../../../platform/osa/inc -std=gnu99 -fno-common  -ffreestanding  -fno-builtin  -mapcs -MMD -MP -MF"platform/dma/drivers/fsl_dma_driver.d" -MT"platform/dma/drivers/fsl_dma_driver.o" -c -o "platform/dma/drivers/fsl_dma_driver.o" "C:/Freescale/KSDK_1.2.0/platform/drivers/src/dma/fsl_dma_driver.c"
'Finished building: C:/Freescale/KSDK_1.2.0/platform/drivers/src/dma/fsl_dma_driver.c'
' '
'Building file: C:/Freescale/KSDK_1.2.0/platform/hal/src/dac/fsl_dac_hal.c'
'Invoking: Cross ARM C Compiler'
arm-none-eabi-gcc -mcpu=cortex-m0plus -mthumb -Os -fmessage-length=0 -fsigned-char -ffunction-sections -fdata-sections -Wall  -g -DDEBUG -DCPU_MKL25Z128VLK4 -DFRDM_KL25Z -DFREEDOM -I../../../../../platform/CMSIS/Include -I../../../../../platform/devices -I../../../../../platform/devices/MKL25Z4/include -I../../../../../platform/devices/MKL25Z4/startup -I../../../../../platform/utilities/inc -I../../../../../platform/hal/inc -I../../../../../platform/drivers/inc -I../../../../../platform/system/inc -I../../../../../platform/osa/inc -std=gnu99 -fno-common  -ffreestanding  -fno-builtin  -mapcs -MMD -MP -MF"platform/dac/hal/fsl_dac_hal.d" -MT"platform/dac/hal/fsl_dac_hal.o" -c -o "platform/dac/hal/fsl_dac_hal.o" "C:/Freescale/KSDK_1.2.0/platform/hal/src/dac/fsl_dac_hal.c"
'Finished building: C:/Freescale/KSDK_1.2.0/platform/hal/src/dac/fsl_dac_hal.c'
' '
'Building file: C:/Freescale/KSDK_1.2.0/platform/drivers/src/dac/fsl_dac_common.c'
'Invoking: Cross ARM C Compiler'
arm-none-eabi-gcc -mcpu=cortex-m0plus -mthumb -Os -fmessage-length=0 -fsigned-char -ffunction-sections -fdata-sections -Wall  -g -DDEBUG -DCPU_MKL25Z128VLK4 -DFRDM_KL25Z -DFREEDOM -I../../../../../platform/CMSIS/Include -I../../../../../platform/devices -I../../../../../platform/devices/MKL25Z4/include -I../../../../../platform/devices/MKL25Z4/startup -I../../../../../platform/utilities/inc -I../../../../../platform/hal/inc -I../../../../../platform/drivers/inc -I../../../../../platform/system/inc -I../../../../../platform/osa/inc -std=gnu99 -fno-common  -ffreestanding  -fno-builtin  -mapcs -MMD -MP -MF"platform/dac/drivers/fsl_dac_common.d" -MT"platform/dac/drivers/fsl_dac_common.o" -c -o "platform/dac/drivers/fsl_dac_common.o" "C:/Freescale/KSDK_1.2.0/platform/drivers/src/dac/fsl_dac_common.c"
'Finished building: C:/Freescale/KSDK_1.2.0/platform/drivers/src/dac/fsl_dac_common.c'
' '
'Building file: C:/Freescale/KSDK_1.2.0/platform/drivers/src/dac/fsl_dac_driver.c'
'Invoking: Cross ARM C Compiler'
arm-none-eabi-gcc -mcpu=cortex-m0plus -mthumb -Os -fmessage-length=0 -fsigned-char -ffunction-sections -fdata-sections -Wall  -g -DDEBUG -DCPU_MKL25Z128VLK4 -DFRDM_KL25Z -DFREEDOM -I../../../../../platform/CMSIS/Include -I../../../../../platform/devices -I../../../../../platform/devices/MKL25Z4/include -I../../../../../platform/devices/MKL25Z4/startup -I../../../../../platform/utilities/inc -I../../../../../platform/hal/inc -I../../../../../platform/drivers/inc -I../../../../../platform/system/inc -I../../../../../platform/osa/inc -std=gnu99 -fno-common  -ffreestanding  -fno-builtin  -mapcs -MMD -MP -MF"platform/dac/drivers/fsl_dac_driver.d" -MT"platform/dac/drivers/fsl_dac_driver.o" -c -o "platform/dac/drivers/fsl_dac_driver.o" "C:/Freescale/KSDK_1.2.0/platform/drivers/src/dac/fsl_dac_driver.c"
'Finished building: C:/Freescale/KSDK_1.2.0/platform/drivers/src/dac/fsl_dac_driver.c'
' '
'Building file: C:/Freescale/KSDK_1.2.0/platform/hal/src/cop/fsl_cop_hal.c'
'Invoking: Cross ARM C Compiler'
arm-none-eabi-gcc -mcpu=cortex-m0plus -mthumb -Os -fmessage-length=0 -fsigned-char -ffunction-sections -fdata-sections -Wall  -g -DDEBUG -DCPU_MKL25Z128VLK4 -DFRDM_KL25Z -DFREEDOM -I../../../../../platform/CMSIS/Include -I../../../../../platform/devices -I../../../../../platform/devices/MKL25Z4/include -I../../../../../platform/devices/MKL25Z4/startup -I../../../../../platform/utilities/inc -I../../../../../platform/hal/inc -I../../../../../platform/drivers/inc -I../../../../../platform/system/inc -I../../../../../platform/osa/inc -std=gnu99 -fno-common  -ffreestanding  -fno-builtin  -mapcs -MMD -MP -MF"platform/cop/hal/fsl_cop_hal.d" -MT"platform/cop/hal/fsl_cop_hal.o" -c -o "platform/cop/hal/fsl_cop_hal.o" "C:/Freescale/KSDK_1.2.0/platform/hal/src/cop/fsl_cop_hal.c"
'Finished building: C:/Freescale/KSDK_1.2.0/platform/hal/src/cop/fsl_cop_hal.c'
' '
'Building file: C:/Freescale/KSDK_1.2.0/platform/drivers/src/cop/fsl_cop_common.c'
'Invoking: Cross ARM C Compiler'
arm-none-eabi-gcc -mcpu=cortex-m0plus -mthumb -Os -fmessage-length=0 -fsigned-char -ffunction-sections -fdata-sections -Wall  -g -DDEBUG -DCPU_MKL25Z128VLK4 -DFRDM_KL25Z -DFREEDOM -I../../../../../platform/CMSIS/Include -I../../../../../platform/devices -I../../../../../platform/devices/MKL25Z4/include -I../../../../../platform/devices/MKL25Z4/startup -I../../../../../platform/utilities/inc -I../../../../../platform/hal/inc -I../../../../../platform/drivers/inc -I../../../../../platform/system/inc -I../../../../../platform/osa/inc -std=gnu99 -fno-common  -ffreestanding  -fno-builtin  -mapcs -MMD -MP -MF"platform/cop/drivers/fsl_cop_common.d" -MT"platform/cop/drivers/fsl_cop_common.o" -c -o "platform/cop/drivers/fsl_cop_common.o" "C:/Freescale/KSDK_1.2.0/platform/drivers/src/cop/fsl_cop_common.c"
'Finished building: C:/Freescale/KSDK_1.2.0/platform/drivers/src/cop/fsl_cop_common.c'
' '
'Building file: C:/Freescale/KSDK_1.2.0/platform/drivers/src/cop/fsl_cop_driver.c'
'Invoking: Cross ARM C Compiler'
arm-none-eabi-gcc -mcpu=cortex-m0plus -mthumb -Os -fmessage-length=0 -fsigned-char -ffunction-sections -fdata-sections -Wall  -g -DDEBUG -DCPU_MKL25Z128VLK4 -DFRDM_KL25Z -DFREEDOM -I../../../../../platform/CMSIS/Include -I../../../../../platform/devices -I../../../../../platform/devices/MKL25Z4/include -I../../../../../platform/devices/MKL25Z4/startup -I../../../../../platform/utilities/inc -I../../../../../platform/hal/inc -I../../../../../platform/drivers/inc -I../../../../../platform/system/inc -I../../../../../platform/osa/inc -std=gnu99 -fno-common  -ffreestanding  -fno-builtin  -mapcs -MMD -MP -MF"platform/cop/drivers/fsl_cop_driver.d" -MT"platform/cop/drivers/fsl_cop_driver.o" -c -o "platform/cop/drivers/fsl_cop_driver.o" "C:/Freescale/KSDK_1.2.0/platform/drivers/src/cop/fsl_cop_driver.c"
'Finished building: C:/Freescale/KSDK_1.2.0/platform/drivers/src/cop/fsl_cop_driver.c'
' '
'Building file: C:/Freescale/KSDK_1.2.0/platform/hal/src/cmp/fsl_cmp_hal.c'
'Invoking: Cross ARM C Compiler'
arm-none-eabi-gcc -mcpu=cortex-m0plus -mthumb -Os -fmessage-length=0 -fsigned-char -ffunction-sections -fdata-sections -Wall  -g -DDEBUG -DCPU_MKL25Z128VLK4 -DFRDM_KL25Z -DFREEDOM -I../../../../../platform/CMSIS/Include -I../../../../../platform/devices -I../../../../../platform/devices/MKL25Z4/include -I../../../../../platform/devices/MKL25Z4/startup -I../../../../../platform/utilities/inc -I../../../../../platform/hal/inc -I../../../../../platform/drivers/inc -I../../../../../platform/system/inc -I../../../../../platform/osa/inc -std=gnu99 -fno-common  -ffreestanding  -fno-builtin  -mapcs -MMD -MP -MF"platform/cmp/hal/fsl_cmp_hal.d" -MT"platform/cmp/hal/fsl_cmp_hal.o" -c -o "platform/cmp/hal/fsl_cmp_hal.o" "C:/Freescale/KSDK_1.2.0/platform/hal/src/cmp/fsl_cmp_hal.c"
'Finished building: C:/Freescale/KSDK_1.2.0/platform/hal/src/cmp/fsl_cmp_hal.c'
' '
'Building file: C:/Freescale/KSDK_1.2.0/platform/drivers/src/cmp/fsl_cmp_common.c'
'Invoking: Cross ARM C Compiler'
arm-none-eabi-gcc -mcpu=cortex-m0plus -mthumb -Os -fmessage-length=0 -fsigned-char -ffunction-sections -fdata-sections -Wall  -g -DDEBUG -DCPU_MKL25Z128VLK4 -DFRDM_KL25Z -DFREEDOM -I../../../../../platform/CMSIS/Include -I../../../../../platform/devices -I../../../../../platform/devices/MKL25Z4/include -I../../../../../platform/devices/MKL25Z4/startup -I../../../../../platform/utilities/inc -I../../../../../platform/hal/inc -I../../../../../platform/drivers/inc -I../../../../../platform/system/inc -I../../../../../platform/osa/inc -std=gnu99 -fno-common  -ffreestanding  -fno-builtin  -mapcs -MMD -MP -MF"platform/cmp/drivers/fsl_cmp_common.d" -MT"platform/cmp/drivers/fsl_cmp_common.o" -c -o "platform/cmp/drivers/fsl_cmp_common.o" "C:/Freescale/KSDK_1.2.0/platform/drivers/src/cmp/fsl_cmp_common.c"
'Finished building: C:/Freescale/KSDK_1.2.0/platform/drivers/src/cmp/fsl_cmp_common.c'
' '
'Building file: C:/Freescale/KSDK_1.2.0/platform/drivers/src/cmp/fsl_cmp_driver.c'
'Invoking: Cross ARM C Compiler'
arm-none-eabi-gcc -mcpu=cortex-m0plus -mthumb -Os -fmessage-length=0 -fsigned-char -ffunction-sections -fdata-sections -Wall  -g -DDEBUG -DCPU_MKL25Z128VLK4 -DFRDM_KL25Z -DFREEDOM -I../../../../../platform/CMSIS/Include -I../../../../../platform/devices -I../../../../../platform/devices/MKL25Z4/include -I../../../../../platform/devices/MKL25Z4/startup -I../../../../../platform/utilities/inc -I../../../../../platform/hal/inc -I../../../../../platform/drivers/inc -I../../../../../platform/system/inc -I../../../../../platform/osa/inc -std=gnu99 -fno-common  -ffreestanding  -fno-builtin  -mapcs -MMD -MP -MF"platform/cmp/drivers/fsl_cmp_driver.d" -MT"platform/cmp/drivers/fsl_cmp_driver.o" -c -o "platform/cmp/drivers/fsl_cmp_driver.o" "C:/Freescale/KSDK_1.2.0/platform/drivers/src/cmp/fsl_cmp_driver.c"
'Finished building: C:/Freescale/KSDK_1.2.0/platform/drivers/src/cmp/fsl_cmp_driver.c'
' '
'Building file: C:/Freescale/KSDK_1.2.0/platform/system/src/clock/MKL25Z4/fsl_clock_MKL25Z4.c'
'Invoking: Cross ARM C Compiler'
arm-none-eabi-gcc -mcpu=cortex-m0plus -mthumb -Os -fmessage-length=0 -fsigned-char -ffunction-sections -fdata-sections -Wall  -g -DDEBUG -DCPU_MKL25Z128VLK4 -DFRDM_KL25Z -DFREEDOM -I../../../../../platform/CMSIS/Include -I../../../../../platform/devices -I../../../../../platform/devices/MKL25Z4/include -I../../../../../platform/devices/MKL25Z4/startup -I../../../../../platform/utilities/inc -I../../../../../platform/hal/inc -I../../../../../platform/drivers/inc -I../../../../../platform/system/inc -I../../../../../platform/osa/inc -std=gnu99 -fno-common  -ffreestanding  -fno-builtin  -mapcs -MMD -MP -MF"platform/clock/system/fsl_clock_MKL25Z4.d" -MT"platform/clock/system/fsl_clock_MKL25Z4.o" -c -o "platform/clock/system/fsl_clock_MKL25Z4.o" "C:/Freescale/KSDK_1.2.0/platform/system/src/clock/MKL25Z4/fsl_clock_MKL25Z4.c"
'Finished building: C:/Freescale/KSDK_1.2.0/platform/system/src/clock/MKL25Z4/fsl_clock_MKL25Z4.c'
' '
'Building file: C:/Freescale/KSDK_1.2.0/platform/system/src/clock/fsl_clock_manager.c'
'Invoking: Cross ARM C Compiler'
arm-none-eabi-gcc -mcpu=cortex-m0plus -mthumb -Os -fmessage-length=0 -fsigned-char -ffunction-sections -fdata-sections -Wall  -g -DDEBUG -DCPU_MKL25Z128VLK4 -DFRDM_KL25Z -DFREEDOM -I../../../../../platform/CMSIS/Include -I../../../../../platform/devices -I../../../../../platform/devices/MKL25Z4/include -I../../../../../platform/devices/MKL25Z4/startup -I../../../../../platform/utilities/inc -I../../../../../platform/hal/inc -I../../../../../platform/drivers/inc -I../../../../../platform/system/inc -I../../../../../platform/osa/inc -std=gnu99 -fno-common  -ffreestanding  -fno-builtin  -mapcs -MMD -MP -MF"platform/clock/system/fsl_clock_manager.d" -MT"platform/clock/system/fsl_clock_manager.o" -c -o "platform/clock/system/fsl_clock_manager.o" "C:/Freescale/KSDK_1.2.0/platform/system/src/clock/fsl_clock_manager.c"
'Finished building: C:/Freescale/KSDK_1.2.0/platform/system/src/clock/fsl_clock_manager.c'
' '
'Building file: C:/Freescale/KSDK_1.2.0/platform/system/src/clock/fsl_clock_manager_common.c'
'Invoking: Cross ARM C Compiler'
arm-none-eabi-gcc -mcpu=cortex-m0plus -mthumb -Os -fmessage-length=0 -fsigned-char -ffunction-sections -fdata-sections -Wall  -g -DDEBUG -DCPU_MKL25Z128VLK4 -DFRDM_KL25Z -DFREEDOM -I../../../../../platform/CMSIS/Include -I../../../../../platform/devices -I../../../../../platform/devices/MKL25Z4/include -I../../../../../platform/devices/MKL25Z4/startup -I../../../../../platform/utilities/inc -I../../../../../platform/hal/inc -I../../../../../platform/drivers/inc -I../../../../../platform/system/inc -I../../../../../platform/osa/inc -std=gnu99 -fno-common  -ffreestanding  -fno-builtin  -mapcs -MMD -MP -MF"platform/clock/system/fsl_clock_manager_common.d" -MT"platform/clock/system/fsl_clock_manager_common.o" -c -o "platform/clock/system/fsl_clock_manager_common.o" "C:/Freescale/KSDK_1.2.0/platform/system/src/clock/fsl_clock_manager_common.c"
'Finished building: C:/Freescale/KSDK_1.2.0/platform/system/src/clock/fsl_clock_manager_common.c'
' '
'Building file: C:/Freescale/KSDK_1.2.0/platform/hal/src/adc16/fsl_adc16_hal.c'
'Invoking: Cross ARM C Compiler'
arm-none-eabi-gcc -mcpu=cortex-m0plus -mthumb -Os -fmessage-length=0 -fsigned-char -ffunction-sections -fdata-sections -Wall  -g -DDEBUG -DCPU_MKL25Z128VLK4 -DFRDM_KL25Z -DFREEDOM -I../../../../../platform/CMSIS/Include -I../../../../../platform/devices -I../../../../../platform/devices/MKL25Z4/include -I../../../../../platform/devices/MKL25Z4/startup -I../../../../../platform/utilities/inc -I../../../../../platform/hal/inc -I../../../../../platform/drivers/inc -I../../../../../platform/system/inc -I../../../../../platform/osa/inc -std=gnu99 -fno-common  -ffreestanding  -fno-builtin  -mapcs -MMD -MP -MF"platform/adc16/hal/fsl_adc16_hal.d" -MT"platform/adc16/hal/fsl_adc16_hal.o" -c -o "platform/adc16/hal/fsl_adc16_hal.o" "C:/Freescale/KSDK_1.2.0/platform/hal/src/adc16/fsl_adc16_hal.c"
'Finished building: C:/Freescale/KSDK_1.2.0/platform/hal/src/adc16/fsl_adc16_hal.c'
' '
'Building file: C:/Freescale/KSDK_1.2.0/platform/drivers/src/adc16/fsl_adc16_common.c'
'Invoking: Cross ARM C Compiler'
arm-none-eabi-gcc -mcpu=cortex-m0plus -mthumb -Os -fmessage-length=0 -fsigned-char -ffunction-sections -fdata-sections -Wall  -g -DDEBUG -DCPU_MKL25Z128VLK4 -DFRDM_KL25Z -DFREEDOM -I../../../../../platform/CMSIS/Include -I../../../../../platform/devices -I../../../../../platform/devices/MKL25Z4/include -I../../../../../platform/devices/MKL25Z4/startup -I../../../../../platform/utilities/inc -I../../../../../platform/hal/inc -I../../../../../platform/drivers/inc -I../../../../../platform/system/inc -I../../../../../platform/osa/inc -std=gnu99 -fno-common  -ffreestanding  -fno-builtin  -mapcs -MMD -MP -MF"platform/adc16/drivers/fsl_adc16_common.d" -MT"platform/adc16/drivers/fsl_adc16_common.o" -c -o "platform/adc16/drivers/fsl_adc16_common.o" "C:/Freescale/KSDK_1.2.0/platform/drivers/src/adc16/fsl_adc16_common.c"
'Finished building: C:/Freescale/KSDK_1.2.0/platform/drivers/src/adc16/fsl_adc16_common.c'
' '
'Building file: C:/Freescale/KSDK_1.2.0/platform/drivers/src/adc16/fsl_adc16_driver.c'
'Invoking: Cross ARM C Compiler'
arm-none-eabi-gcc -mcpu=cortex-m0plus -mthumb -Os -fmessage-length=0 -fsigned-char -ffunction-sections -fdata-sections -Wall  -g -DDEBUG -DCPU_MKL25Z128VLK4 -DFRDM_KL25Z -DFREEDOM -I../../../../../platform/CMSIS/Include -I../../../../../platform/devices -I../../../../../platform/devices/MKL25Z4/include -I../../../../../platform/devices/MKL25Z4/startup -I../../../../../platform/utilities/inc -I../../../../../platform/hal/inc -I../../../../../platform/drivers/inc -I../../../../../platform/system/inc -I../../../../../platform/osa/inc -std=gnu99 -fno-common  -ffreestanding  -fno-builtin  -mapcs -MMD -MP -MF"platform/adc16/drivers/fsl_adc16_driver.d" -MT"platform/adc16/drivers/fsl_adc16_driver.o" -c -o "platform/adc16/drivers/fsl_adc16_driver.o" "C:/Freescale/KSDK_1.2.0/platform/drivers/src/adc16/fsl_adc16_driver.c"
'Finished building: C:/Freescale/KSDK_1.2.0/platform/drivers/src/adc16/fsl_adc16_driver.c'
' '
'Building file: C:/Freescale/KSDK_1.2.0/platform/osa/src/fsl_os_abstraction_bm.c'
'Invoking: Cross ARM C Compiler'
arm-none-eabi-gcc -mcpu=cortex-m0plus -mthumb -Os -fmessage-length=0 -fsigned-char -ffunction-sections -fdata-sections -Wall  -g -DDEBUG -DCPU_MKL25Z128VLK4 -DFRDM_KL25Z -DFREEDOM -I../../../../../platform/CMSIS/Include -I../../../../../platform/devices -I../../../../../platform/devices/MKL25Z4/include -I../../../../../platform/devices/MKL25Z4/startup -I../../../../../platform/utilities/inc -I../../../../../platform/hal/inc -I../../../../../platform/drivers/inc -I../../../../../platform/system/inc -I../../../../../platform/osa/inc -std=gnu99 -fno-common  -ffreestanding  -fno-builtin  -mapcs -MMD -MP -MF"osa/fsl_os_abstraction_bm.d" -MT"osa/fsl_os_abstraction_bm.o" -c -o "osa/fsl_os_abstraction_bm.o" "C:/Freescale/KSDK_1.2.0/platform/osa/src/fsl_os_abstraction_bm.c"
'Finished building: C:/Freescale/KSDK_1.2.0/platform/osa/src/fsl_os_abstraction_bm.c'
' '
'Building target: libksdk_platform.a'
'Invoking: Cross ARM GNU Archiver'
arm-none-eabi-ar -r  "libksdk_platform.a"  ./platform/uart/hal/fsl_uart_hal.o  ./platform/uart/drivers/fsl_uart_common.o ./platform/uart/drivers/fsl_uart_dma_driver.o ./platform/uart/drivers/fsl_uart_driver.o  ./platform/tsi/hal/fsl_tsi_hal.o ./platform/tsi/hal/fsl_tsi_v4_hal_specific.o  ./platform/tsi/drivers/fsl_tsi_common.o ./platform/tsi/drivers/fsl_tsi_driver.o ./platform/tsi/drivers/fsl_tsi_v4_driver_specific.o  ./platform/tpm/hal/fsl_tpm_hal.o  ./platform/tpm/drivers/fsl_tpm_common.o ./platform/tpm/drivers/fsl_tpm_driver.o  ./platform/spi/hal/fsl_spi_hal.o  ./platform/spi/drivers/slave/fsl_spi_dma_slave_driver.o ./platform/spi/drivers/slave/fsl_spi_slave_driver.o  ./platform/spi/drivers/master/fsl_spi_dma_master_driver.o ./platform/spi/drivers/master/fsl_spi_master_driver.o  ./platform/spi/drivers/fsl_spi_common.o ./platform/spi/drivers/fsl_spi_dma_shared_function.o ./platform/spi/drivers/fsl_spi_shared_function.o  ./platform/smc/hal/fsl_smc_hal.o  ./platform/sim/hal/fsl_sim_hal_MKL25Z4.o  ./platform/rtc/hal/fsl_rtc_hal.o  ./platform/rtc/drivers/fsl_rtc_common.o ./platform/rtc/drivers/fsl_rtc_driver.o  ./platform/rcm/hal/fsl_rcm_hal.o  ./platform/power/system/fsl_power_manager.o  ./platform/port/hal/fsl_port_hal.o  ./platform/pit/hal/fsl_pit_hal.o  ./platform/pit/drivers/fsl_pit_common.o ./platform/pit/drivers/fsl_pit_driver.o  ./platform/osc/hal/fsl_osc_hal.o  ./platform/mcg/hal/fsl_mcg_hal.o ./platform/mcg/hal/fsl_mcg_hal_modes.o  ./platform/lptmr/hal/fsl_lptmr_hal.o  ./platform/lptmr/drivers/fsl_lptmr_common.o ./platform/lptmr/drivers/fsl_lptmr_driver.o  ./platform/lpsci/hal/fsl_lpsci_hal.o  ./platform/lpsci/drivers/fsl_lpsci_common.o ./platform/lpsci/drivers/fsl_lpsci_dma_driver.o ./platform/lpsci/drivers/fsl_lpsci_driver.o  ./platform/llwu/hal/fsl_llwu_hal.o  ./platform/interrupt/system/fsl_interrupt_manager.o  ./platform/i2c/hal/fsl_i2c_hal.o  ./platform/i2c/drivers/slave/fsl_i2c_slave_driver.o  ./platform/i2c/drivers/master/fsl_i2c_master_driver.o  ./platform/i2c/drivers/fsl_i2c_common.o ./platform/i2c/drivers/fsl_i2c_shared_function.o  ./platform/hwtimer/system/fsl_hwtimer.o ./platform/hwtimer/system/fsl_hwtimer_pit.o ./platform/hwtimer/system/fsl_hwtimer_systick.o  ./platform/gpio/hal/fsl_gpio_hal.o  ./platform/gpio/drivers/fsl_gpio_common.o ./platform/gpio/drivers/fsl_gpio_driver.o  ./platform/dmamux/hal/fsl_dmamux_hal.o  ./platform/dma/hal/fsl_dma_hal.o  ./platform/dma/drivers/fsl_dma_common.o ./platform/dma/drivers/fsl_dma_driver.o  ./platform/dac/hal/fsl_dac_hal.o  ./platform/dac/drivers/fsl_dac_common.o ./platform/dac/drivers/fsl_dac_driver.o  ./platform/cop/hal/fsl_cop_hal.o  ./platform/cop/drivers/fsl_cop_common.o ./platform/cop/drivers/fsl_cop_driver.o  ./platform/cmp/hal/fsl_cmp_hal.o  ./platform/cmp/drivers/fsl_cmp_common.o ./platform/cmp/drivers/fsl_cmp_driver.o  ./platform/clock/system/fsl_clock_MKL25Z4.o ./platform/clock/system/fsl_clock_manager.o ./platform/clock/system/fsl_clock_manager_common.o  ./platform/adc16/hal/fsl_adc16_hal.o  ./platform/adc16/drivers/fsl_adc16_common.o ./platform/adc16/drivers/fsl_adc16_driver.o  ./osa/fsl_os_abstraction_bm.o   
arm-none-eabi-ar: creating libksdk_platform.a
'Finished building target: libksdk_platform.a'
' '

16:39:10 Build Finished (took 39s.189ms)

