20:56:07 **** Incremental Build of configuration Debug for project ProjetoEmbarcados ****
make all 
'Building file: ../Sources/Main/main.c'
'Invoking: Cross ARM C Compiler'
arm-none-eabi-gcc -mcpu=cortex-m0plus -mthumb -O0 -fmessage-length=0 -fsigned-char -ffunction-sections -fdata-sections -Wall  -g3 -D"CPU_MKL25Z128VLK4" -I"../Sources" -I"../Project_Settings/Startup_Code" -I"../SDK/platform/CMSIS/Include" -I"../SDK/platform/devices" -I"../SDK/platform/devices/MKL25Z4/include" -I"C:\Freescale\KSDK_1.2.0\platform\drivers\inc" -I"C:\Freescale\KSDK_1.2.0\platform\utilities\inc" -I"C:\Freescale\KSDK_1.2.0\platform\hal\inc" -I"C:\Freescale\KSDK_1.2.0\platform\system\inc" -I"C:\Freescale\KSDK_1.2.0\platform\osa\inc" -std=c99 -MMD -MP -MF"Sources/Main/main.d" -MT"Sources/Main/main.o" -c -o "Sources/Main/main.o" "../Sources/Main/main.c"
'Finished building: ../Sources/Main/main.c'
' '
'Building file: ../Sources/ADC/lut_adc_3v3.c'
'Invoking: Cross ARM C Compiler'
arm-none-eabi-gcc -mcpu=cortex-m0plus -mthumb -O0 -fmessage-length=0 -fsigned-char -ffunction-sections -fdata-sections -Wall  -g3 -D"CPU_MKL25Z128VLK4" -I"../Sources" -I"../Project_Settings/Startup_Code" -I"../SDK/platform/CMSIS/Include" -I"../SDK/platform/devices" -I"../SDK/platform/devices/MKL25Z4/include" -I"C:\Freescale\KSDK_1.2.0\platform\drivers\inc" -I"C:\Freescale\KSDK_1.2.0\platform\utilities\inc" -I"C:\Freescale\KSDK_1.2.0\platform\hal\inc" -I"C:\Freescale\KSDK_1.2.0\platform\system\inc" -I"C:\Freescale\KSDK_1.2.0\platform\osa\inc" -std=c99 -MMD -MP -MF"Sources/ADC/lut_adc_3v3.d" -MT"Sources/ADC/lut_adc_3v3.o" -c -o "Sources/ADC/lut_adc_3v3.o" "../Sources/ADC/lut_adc_3v3.c"
'Finished building: ../Sources/ADC/lut_adc_3v3.c'
' '
'Building target: ProjetoEmbarcados.elf'
'Invoking: Cross ARM C++ Linker'
arm-none-eabi-g++ -mcpu=cortex-m0plus -mthumb -O0 -fmessage-length=0 -fsigned-char -ffunction-sections -fdata-sections -Wall  -g3 -T "MKL25Z128xxx4_flash.ld" -Xlinker --gc-sections -L"C:/Users/aluno/ProjetoEmbarcados/ProjetoEmbarcados/Project_Settings/Linker_Files" -Wl,-Map,"ProjetoEmbarcados.map" -specs=nosys.specs -specs=nano.specs -o "ProjetoEmbarcados.elf"  ./Sources/Util/debugUart.o ./Sources/Util/fsl_debug_console.o ./Sources/Util/mcg_hal.o ./Sources/Util/print_scan.o ./Sources/Util/tc_hal.o ./Sources/Util/util.o  ./Sources/Serial/serial.o  ./Sources/Protocolo/cmdMachine.o  ./Sources/Main/main.o  ./Sources/LedSwi/ledswi_hal.o  ./Sources/LCD/lcd_hal.o  ./Sources/Display7Seg/display7seg_hal.o  ./Sources/Cooler/cooler_hal.o ./Sources/Cooler/tachometer_hal.o ./Sources/Cooler/timer_counter.o  ./Sources/Buzzer/buzzer_hal.o  ./Sources/ADC/adc.o ./Sources/ADC/lut_adc_3v3.o  ./Project_Settings/Startup_Code/startup.o ./Project_Settings/Startup_Code/startup_MKL25Z4.o ./Project_Settings/Startup_Code/system_MKL25Z4.o  C:/Freescale/KSDK_1.2.0/lib/ksdk_platform_lib/kds/KL25Z4/debug/libksdk_platform.a 
./Sources/ADC/lut_adc_3v3.o:(.rodata.tabela_temp+0x0): multiple definition of `tabela_temp'
./Sources/Main/main.o:(.rodata.tabela_temp+0x0): first defined here
collect2.exe: error: ld returned 1 exit status
make: *** [ProjetoEmbarcados.elf] Error 1

20:56:08 Build Finished (took 875ms)

